{"C:\\PROJETOS\\Plataforma de Pesagem Veicular\\solution-ticket-desktop\\backend\\src\\auth\\auth.service.ts": {"path":"C:\\PROJETOS\\Plataforma de Pesagem Veicular\\solution-ticket-desktop\\backend\\src\\auth\\auth.service.ts","statementMap":{"0":{"start":{"line":1,"column":0},"end":{"line":1,"column":67}},"1":{"start":{"line":2,"column":0},"end":{"line":2,"column":41}},"2":{"start":{"line":3,"column":0},"end":{"line":3,"column":35}},"3":{"start":{"line":4,"column":0},"end":{"line":4,"column":57}},"4":{"start":{"line":7,"column":7},"end":{"line":94,"column":null}},"5":{"start":{"line":9,"column":21},"end":{"line":9,"column":29}},"6":{"start":{"line":10,"column":21},"end":{"line":10,"column":33}},"7":{"start":{"line":14,"column":20},"end":{"line":17,"column":6}},"8":{"start":{"line":19,"column":4},"end":{"line":21,"column":5}},"9":{"start":{"line":20,"column":6},"end":{"line":20,"column":63}},"10":{"start":{"line":23,"column":4},"end":{"line":25,"column":5}},"11":{"start":{"line":24,"column":6},"end":{"line":24,"column":57}},"12":{"start":{"line":27,"column":4},"end":{"line":29,"column":5}},"13":{"start":{"line":28,"column":6},"end":{"line":28,"column":75}},"14":{"start":{"line":31,"column":24},"end":{"line":31,"column":70}},"15":{"start":{"line":32,"column":4},"end":{"line":39,"column":5}},"16":{"start":{"line":34,"column":6},"end":{"line":37,"column":9}},"17":{"start":{"line":38,"column":6},"end":{"line":38,"column":63}},"18":{"start":{"line":42,"column":4},"end":{"line":48,"column":7}},"19":{"start":{"line":50,"column":37},"end":{"line":50,"column":44}},"20":{"start":{"line":51,"column":4},"end":{"line":51,"column":18}},"21":{"start":{"line":55,"column":20},"end":{"line":60,"column":6}},"22":{"start":{"line":62,"column":4},"end":{"line":71,"column":6}},"23":{"start":{"line":69,"column":46},"end":{"line":69,"column":60}},"24":{"start":{"line":75,"column":23},"end":{"line":90,"column":6}},"25":{"start":{"line":92,"column":4},"end":{"line":92,"column":33}},"26":{"start":{"line":7,"column":13},"end":{"line":7,"column":24}},"27":{"start":{"line":7,"column":13},"end":{"line":94,"column":null}}},"fnMap":{"0":{"name":"(anonymous_11)","decl":{"start":{"line":8,"column":2},"end":{"line":8,"column":null}},"loc":{"start":{"line":10,"column":43},"end":{"line":11,"column":6}}},"1":{"name":"(anonymous_12)","decl":{"start":{"line":13,"column":2},"end":{"line":13,"column":7}},"loc":{"start":{"line":13,"column":49},"end":{"line":52,"column":3}}},"2":{"name":"(anonymous_13)","decl":{"start":{"line":54,"column":2},"end":{"line":54,"column":7}},"loc":{"start":{"line":54,"column":23},"end":{"line":72,"column":3}}},"3":{"name":"(anonymous_14)","decl":{"start":{"line":69,"column":33},"end":{"line":69,"column":34}},"loc":{"start":{"line":69,"column":46},"end":{"line":69,"column":60}}},"4":{"name":"(anonymous_15)","decl":{"start":{"line":74,"column":2},"end":{"line":74,"column":7}},"loc":{"start":{"line":74,"column":74},"end":{"line":93,"column":3}}}},"branchMap":{"0":{"loc":{"start":{"line":19,"column":4},"end":{"line":21,"column":5}},"type":"if","locations":[{"start":{"line":19,"column":4},"end":{"line":21,"column":5}}]},"1":{"loc":{"start":{"line":23,"column":4},"end":{"line":25,"column":5}},"type":"if","locations":[{"start":{"line":23,"column":4},"end":{"line":25,"column":5}}]},"2":{"loc":{"start":{"line":27,"column":4},"end":{"line":29,"column":5}},"type":"if","locations":[{"start":{"line":27,"column":4},"end":{"line":29,"column":5}}]},"3":{"loc":{"start":{"line":27,"column":8},"end":{"line":27,"column":65}},"type":"binary-expr","locations":[{"start":{"line":27,"column":8},"end":{"line":27,"column":28}},{"start":{"line":27,"column":32},"end":{"line":27,"column":65}}]},"4":{"loc":{"start":{"line":32,"column":4},"end":{"line":39,"column":5}},"type":"if","locations":[{"start":{"line":32,"column":4},"end":{"line":39,"column":5}}]},"5":{"loc":{"start":{"line":69,"column":16},"end":{"line":69,"column":67}},"type":"binary-expr","locations":[{"start":{"line":69,"column":16},"end":{"line":69,"column":61}},{"start":{"line":69,"column":65},"end":{"line":69,"column":67}}]}},"s":{"0":1,"1":1,"2":1,"3":1,"4":1,"5":6,"6":6,"7":5,"8":5,"9":1,"10":4,"11":1,"12":3,"13":1,"14":2,"15":2,"16":1,"17":1,"18":1,"19":1,"20":1,"21":1,"22":1,"23":0,"24":0,"25":0,"26":1,"27":1},"f":{"0":6,"1":5,"2":1,"3":0,"4":0},"b":{"0":[1],"1":[1],"2":[1],"3":[3,1],"4":[1],"5":[1,0]}}
,"C:\\PROJETOS\\Plataforma de Pesagem Veicular\\solution-ticket-desktop\\backend\\src\\balanca\\parsers\\generic.parser.ts": {"path":"C:\\PROJETOS\\Plataforma de Pesagem Veicular\\solution-ticket-desktop\\backend\\src\\balanca\\parsers\\generic.parser.ts","statementMap":{"0":{"start":{"line":9,"column":24},"end":{"line":9,"column":44}},"1":{"start":{"line":12,"column":21},"end":{"line":12,"column":47}},"2":{"start":{"line":13,"column":16},"end":{"line":13,"column":40}},"3":{"start":{"line":14,"column":4},"end":{"line":16,"column":5}},"4":{"start":{"line":15,"column":6},"end":{"line":15,"column":49}},"5":{"start":{"line":17,"column":23},"end":{"line":17,"column":46}},"6":{"start":{"line":18,"column":21},"end":{"line":18,"column":45}},"7":{"start":{"line":19,"column":18},"end":{"line":19,"column":46}},"8":{"start":{"line":20,"column":28},"end":{"line":20,"column":58}},"9":{"start":{"line":21,"column":4},"end":{"line":24,"column":5}},"10":{"start":{"line":23,"column":6},"end":{"line":23,"column":41}},"11":{"start":{"line":25,"column":20},"end":{"line":25,"column":43}},"12":{"start":{"line":26,"column":4},"end":{"line":26,"column":33}},"13":{"start":{"line":30,"column":19},"end":{"line":30,"column":52}},"14":{"start":{"line":31,"column":20},"end":{"line":31,"column":48}},"15":{"start":{"line":32,"column":18},"end":{"line":32,"column":40}},"16":{"start":{"line":33,"column":24},"end":{"line":33,"column":56}},"17":{"start":{"line":35,"column":4},"end":{"line":37,"column":5}},"18":{"start":{"line":36,"column":6},"end":{"line":36,"column":18}},"19":{"start":{"line":38,"column":16},"end":{"line":38,"column":64}},"20":{"start":{"line":39,"column":18},"end":{"line":39,"column":48}},"21":{"start":{"line":40,"column":4},"end":{"line":40,"column":28}},"22":{"start":{"line":40,"column":16},"end":{"line":40,"column":28}},"23":{"start":{"line":41,"column":15},"end":{"line":41,"column":32}},"24":{"start":{"line":42,"column":4},"end":{"line":42,"column":33}},"25":{"start":{"line":42,"column":21},"end":{"line":42,"column":33}},"26":{"start":{"line":43,"column":4},"end":{"line":43,"column":39}},"27":{"start":{"line":43,"column":19},"end":{"line":43,"column":39}},"28":{"start":{"line":44,"column":4},"end":{"line":44,"column":34}},"29":{"start":{"line":44,"column":21},"end":{"line":44,"column":34}},"30":{"start":{"line":47,"column":4},"end":{"line":47,"column":50}},"31":{"start":{"line":8,"column":0},"end":{"line":8,"column":13}}},"fnMap":{"0":{"name":"(anonymous_0)","decl":{"start":{"line":9,"column":2},"end":{"line":9,"column":24}},"loc":{"start":{"line":9,"column":44},"end":{"line":9,"column":48}}},"1":{"name":"(anonymous_1)","decl":{"start":{"line":11,"column":2},"end":{"line":11,"column":7}},"loc":{"start":{"line":11,"column":22},"end":{"line":27,"column":3}}},"2":{"name":"(anonymous_2)","decl":{"start":{"line":29,"column":12},"end":{"line":29,"column":23}},"loc":{"start":{"line":29,"column":37},"end":{"line":48,"column":3}}}},"branchMap":{"0":{"loc":{"start":{"line":12,"column":21},"end":{"line":12,"column":47}},"type":"binary-expr","locations":[{"start":{"line":12,"column":21},"end":{"line":12,"column":41}},{"start":{"line":12,"column":45},"end":{"line":12,"column":47}}]},"1":{"loc":{"start":{"line":14,"column":4},"end":{"line":16,"column":5}},"type":"if","locations":[{"start":{"line":14,"column":4},"end":{"line":16,"column":5}}]},"2":{"loc":{"start":{"line":20,"column":28},"end":{"line":20,"column":58}},"type":"binary-expr","locations":[{"start":{"line":20,"column":28},"end":{"line":20,"column":53}},{"start":{"line":20,"column":57},"end":{"line":20,"column":58}}]},"3":{"loc":{"start":{"line":21,"column":4},"end":{"line":24,"column":5}},"type":"if","locations":[{"start":{"line":21,"column":4},"end":{"line":24,"column":5}}]},"4":{"loc":{"start":{"line":21,"column":8},"end":{"line":21,"column":65}},"type":"binary-expr","locations":[{"start":{"line":21,"column":8},"end":{"line":21,"column":27}},{"start":{"line":21,"column":31},"end":{"line":21,"column":65}}]},"5":{"loc":{"start":{"line":30,"column":20},"end":{"line":30,"column":47}},"type":"binary-expr","locations":[{"start":{"line":30,"column":20},"end":{"line":30,"column":42}},{"start":{"line":30,"column":46},"end":{"line":30,"column":47}}]},"6":{"loc":{"start":{"line":31,"column":20},"end":{"line":31,"column":48}},"type":"binary-expr","locations":[{"start":{"line":31,"column":20},"end":{"line":31,"column":43}},{"start":{"line":31,"column":47},"end":{"line":31,"column":48}}]},"7":{"loc":{"start":{"line":32,"column":18},"end":{"line":32,"column":40}},"type":"binary-expr","locations":[{"start":{"line":32,"column":18},"end":{"line":32,"column":35}},{"start":{"line":32,"column":39},"end":{"line":32,"column":40}}]},"8":{"loc":{"start":{"line":33,"column":24},"end":{"line":33,"column":56}},"type":"binary-expr","locations":[{"start":{"line":33,"column":24},"end":{"line":33,"column":47}},{"start":{"line":33,"column":51},"end":{"line":33,"column":56}}]},"9":{"loc":{"start":{"line":35,"column":4},"end":{"line":37,"column":5}},"type":"if","locations":[{"start":{"line":35,"column":4},"end":{"line":37,"column":5}}]},"10":{"loc":{"start":{"line":40,"column":4},"end":{"line":40,"column":28}},"type":"if","locations":[{"start":{"line":40,"column":4},"end":{"line":40,"column":28}}]},"11":{"loc":{"start":{"line":42,"column":4},"end":{"line":42,"column":33}},"type":"if","locations":[{"start":{"line":42,"column":4},"end":{"line":42,"column":33}}]},"12":{"loc":{"start":{"line":43,"column":4},"end":{"line":43,"column":39}},"type":"if","locations":[{"start":{"line":43,"column":4},"end":{"line":43,"column":39}}]},"13":{"loc":{"start":{"line":44,"column":4},"end":{"line":44,"column":34}},"type":"if","locations":[{"start":{"line":44,"column":4},"end":{"line":44,"column":34}}]}},"s":{"0":5,"1":5,"2":5,"3":5,"4":1,"5":4,"6":4,"7":4,"8":4,"9":4,"10":0,"11":4,"12":4,"13":4,"14":4,"15":4,"16":4,"17":4,"18":0,"19":4,"20":4,"21":4,"22":0,"23":4,"24":4,"25":0,"26":4,"27":1,"28":4,"29":1,"30":4,"31":1},"f":{"0":5,"1":5,"2":4},"b":{"0":[5,0],"1":[1],"2":[4,4],"3":[0],"4":[4,0],"5":[4,0],"6":[4,0],"7":[4,3],"8":[4,3],"9":[0],"10":[0],"11":[0],"12":[1],"13":[1]}}
,"C:\\PROJETOS\\Plataforma de Pesagem Veicular\\solution-ticket-desktop\\backend\\src\\balanca\\parsers\\sics.parser.ts": {"path":"C:\\PROJETOS\\Plataforma de Pesagem Veicular\\solution-ticket-desktop\\backend\\src\\balanca\\parsers\\sics.parser.ts","statementMap":{"0":{"start":{"line":12,"column":22},"end":{"line":12,"column":42}},"1":{"start":{"line":15,"column":16},"end":{"line":15,"column":36}},"2":{"start":{"line":16,"column":4},"end":{"line":16,"column":60}},"3":{"start":{"line":16,"column":17},"end":{"line":16,"column":60}},"4":{"start":{"line":17,"column":23},"end":{"line":17,"column":46}},"5":{"start":{"line":18,"column":21},"end":{"line":18,"column":45}},"6":{"start":{"line":19,"column":18},"end":{"line":19,"column":72}},"7":{"start":{"line":20,"column":19},"end":{"line":20,"column":37}},"8":{"start":{"line":21,"column":4},"end":{"line":23,"column":5}},"9":{"start":{"line":22,"column":6},"end":{"line":22,"column":41}},"10":{"start":{"line":24,"column":22},"end":{"line":24,"column":31}},"11":{"start":{"line":25,"column":20},"end":{"line":25,"column":37}},"12":{"start":{"line":26,"column":20},"end":{"line":26,"column":41}},"13":{"start":{"line":27,"column":4},"end":{"line":27,"column":59}},"14":{"start":{"line":27,"column":24},"end":{"line":27,"column":59}},"15":{"start":{"line":28,"column":15},"end":{"line":28,"column":22}},"16":{"start":{"line":29,"column":4},"end":{"line":29,"column":46}},"17":{"start":{"line":29,"column":33},"end":{"line":29,"column":46}},"18":{"start":{"line":30,"column":4},"end":{"line":30,"column":66}},"19":{"start":{"line":11,"column":0},"end":{"line":11,"column":13}}},"fnMap":{"0":{"name":"(anonymous_0)","decl":{"start":{"line":12,"column":2},"end":{"line":12,"column":22}},"loc":{"start":{"line":12,"column":42},"end":{"line":12,"column":46}}},"1":{"name":"(anonymous_1)","decl":{"start":{"line":14,"column":2},"end":{"line":14,"column":7}},"loc":{"start":{"line":14,"column":22},"end":{"line":31,"column":3}}}},"branchMap":{"0":{"loc":{"start":{"line":16,"column":4},"end":{"line":16,"column":60}},"type":"if","locations":[{"start":{"line":16,"column":4},"end":{"line":16,"column":60}}]},"1":{"loc":{"start":{"line":21,"column":4},"end":{"line":23,"column":5}},"type":"if","locations":[{"start":{"line":21,"column":4},"end":{"line":23,"column":5}}]},"2":{"loc":{"start":{"line":21,"column":8},"end":{"line":21,"column":46}},"type":"binary-expr","locations":[{"start":{"line":21,"column":8},"end":{"line":21,"column":25}},{"start":{"line":21,"column":29},"end":{"line":21,"column":46}}]},"3":{"loc":{"start":{"line":27,"column":4},"end":{"line":27,"column":59}},"type":"if","locations":[{"start":{"line":27,"column":4},"end":{"line":27,"column":59}}]},"4":{"loc":{"start":{"line":29,"column":4},"end":{"line":29,"column":46}},"type":"if","locations":[{"start":{"line":29,"column":4},"end":{"line":29,"column":46}}]}},"s":{"0":5,"1":5,"2":5,"3":1,"4":4,"5":4,"6":4,"7":4,"8":4,"9":1,"10":3,"11":3,"12":3,"13":3,"14":0,"15":3,"16":3,"17":1,"18":3,"19":1},"f":{"0":5,"1":5},"b":{"0":[1],"1":[1],"2":[4,4],"3":[0],"4":[1]}}
,"C:\\PROJETOS\\Plataforma de Pesagem Veicular\\solution-ticket-desktop\\backend\\src\\licenca\\fingerprint.util.ts": {"path":"C:\\PROJETOS\\Plataforma de Pesagem Veicular\\solution-ticket-desktop\\backend\\src\\licenca\\fingerprint.util.ts","statementMap":{"0":{"start":{"line":85,"column":0},"end":{"line":85,"column":16}},"1":{"start":{"line":103,"column":0},"end":{"line":103,"column":16}},"2":{"start":{"line":1,"column":0},"end":{"line":1,"column":25}},"3":{"start":{"line":2,"column":0},"end":{"line":2,"column":33}},"4":{"start":{"line":3,"column":0},"end":{"line":3,"column":41}},"5":{"start":{"line":12,"column":28},"end":{"line":12,"column":32}},"6":{"start":{"line":15,"column":21},"end":{"line":15,"column":43}},"7":{"start":{"line":16,"column":2},"end":{"line":23,"column":3}},"8":{"start":{"line":17,"column":17},"end":{"line":17,"column":39}},"9":{"start":{"line":18,"column":4},"end":{"line":22,"column":5}},"10":{"start":{"line":19,"column":6},"end":{"line":21,"column":7}},"11":{"start":{"line":20,"column":8},"end":{"line":20,"column":37}},"12":{"start":{"line":24,"column":2},"end":{"line":24,"column":18}},"13":{"start":{"line":28,"column":2},"end":{"line":39,"column":3}},"14":{"start":{"line":30,"column":15},"end":{"line":35,"column":13}},"15":{"start":{"line":36,"column":4},"end":{"line":36,"column":22}},"16":{"start":{"line":36,"column":12},"end":{"line":36,"column":22}},"17":{"start":{"line":40,"column":2},"end":{"line":52,"column":3}},"18":{"start":{"line":41,"column":17},"end":{"line":47,"column":13}},"19":{"start":{"line":48,"column":14},"end":{"line":48,"column":53}},"20":{"start":{"line":49,"column":4},"end":{"line":49,"column":23}},"21":{"start":{"line":49,"column":11},"end":{"line":49,"column":23}},"22":{"start":{"line":53,"column":2},"end":{"line":53,"column":24}},"23":{"start":{"line":57,"column":21},"end":{"line":57,"column":68}},"24":{"start":{"line":58,"column":2},"end":{"line":69,"column":3}},"25":{"start":{"line":59,"column":4},"end":{"line":68,"column":5}},"26":{"start":{"line":61,"column":17},"end":{"line":61,"column":30}},"27":{"start":{"line":62,"column":6},"end":{"line":65,"column":7}},"28":{"start":{"line":63,"column":18},"end":{"line":63,"column":51}},"29":{"start":{"line":64,"column":8},"end":{"line":64,"column":24}},"30":{"start":{"line":64,"column":15},"end":{"line":64,"column":24}},"31":{"start":{"line":70,"column":2},"end":{"line":81,"column":3}},"32":{"start":{"line":72,"column":16},"end":{"line":77,"column":13}},"33":{"start":{"line":78,"column":4},"end":{"line":78,"column":24}},"34":{"start":{"line":78,"column":13},"end":{"line":78,"column":24}},"35":{"start":{"line":82,"column":2},"end":{"line":82,"column":41}},"36":{"start":{"line":86,"column":2},"end":{"line":86,"column":28}},"37":{"start":{"line":86,"column":14},"end":{"line":86,"column":28}},"38":{"start":{"line":88,"column":14},"end":{"line":88,"column":32}},"39":{"start":{"line":89,"column":19},"end":{"line":89,"column":32}},"40":{"start":{"line":90,"column":20},"end":{"line":90,"column":22}},"41":{"start":{"line":91,"column":2},"end":{"line":95,"column":3}},"42":{"start":{"line":92,"column":4},"end":{"line":92,"column":40}},"43":{"start":{"line":94,"column":4},"end":{"line":94,"column":34}},"44":{"start":{"line":97,"column":18},"end":{"line":97,"column":53}},"45":{"start":{"line":98,"column":14},"end":{"line":98,"column":71}},"46":{"start":{"line":99,"column":2},"end":{"line":99,"column":32}},"47":{"start":{"line":100,"column":2},"end":{"line":100,"column":16}},"48":{"start":{"line":104,"column":2},"end":{"line":104,"column":16}}},"fnMap":{"0":{"name":"primeiroMacAtivo","decl":{"start":{"line":14,"column":9},"end":{"line":14,"column":25}},"loc":{"start":{"line":14,"column":25},"end":{"line":25,"column":1}}},"1":{"name":"volumeSerialWindows","decl":{"start":{"line":27,"column":9},"end":{"line":27,"column":28}},"loc":{"start":{"line":27,"column":28},"end":{"line":54,"column":1}}},"2":{"name":"machineIdUnix","decl":{"start":{"line":56,"column":9},"end":{"line":56,"column":22}},"loc":{"start":{"line":56,"column":22},"end":{"line":83,"column":1}}},"3":{"name":"obterFingerprint","decl":{"start":{"line":85,"column":16},"end":{"line":85,"column":32}},"loc":{"start":{"line":85,"column":32},"end":{"line":101,"column":1}}},"4":{"name":"_resetFingerprintCache","decl":{"start":{"line":103,"column":16},"end":{"line":103,"column":38}},"loc":{"start":{"line":103,"column":38},"end":{"line":105,"column":1}}}},"branchMap":{"0":{"loc":{"start":{"line":17,"column":17},"end":{"line":17,"column":39}},"type":"binary-expr","locations":[{"start":{"line":17,"column":17},"end":{"line":17,"column":33}},{"start":{"line":17,"column":37},"end":{"line":17,"column":39}}]},"1":{"loc":{"start":{"line":19,"column":6},"end":{"line":21,"column":7}},"type":"if","locations":[{"start":{"line":19,"column":6},"end":{"line":21,"column":7}}]},"2":{"loc":{"start":{"line":19,"column":10},"end":{"line":19,"column":69}},"type":"binary-expr","locations":[{"start":{"line":19,"column":10},"end":{"line":19,"column":23}},{"start":{"line":19,"column":27},"end":{"line":19,"column":34}},{"start":{"line":19,"column":38},"end":{"line":19,"column":69}}]},"3":{"loc":{"start":{"line":36,"column":4},"end":{"line":36,"column":22}},"type":"if","locations":[{"start":{"line":36,"column":4},"end":{"line":36,"column":22}}]},"4":{"loc":{"start":{"line":49,"column":4},"end":{"line":49,"column":23}},"type":"if","locations":[{"start":{"line":49,"column":4},"end":{"line":49,"column":23}}]},"5":{"loc":{"start":{"line":62,"column":6},"end":{"line":65,"column":7}},"type":"if","locations":[{"start":{"line":62,"column":6},"end":{"line":65,"column":7}}]},"6":{"loc":{"start":{"line":64,"column":8},"end":{"line":64,"column":24}},"type":"if","locations":[{"start":{"line":64,"column":8},"end":{"line":64,"column":24}}]},"7":{"loc":{"start":{"line":78,"column":4},"end":{"line":78,"column":24}},"type":"if","locations":[{"start":{"line":78,"column":4},"end":{"line":78,"column":24}}]},"8":{"loc":{"start":{"line":86,"column":2},"end":{"line":86,"column":28}},"type":"if","locations":[{"start":{"line":86,"column":2},"end":{"line":86,"column":28}}]},"9":{"loc":{"start":{"line":91,"column":2},"end":{"line":95,"column":3}},"type":"if","locations":[{"start":{"line":91,"column":2},"end":{"line":95,"column":3}},{"start":{"line":93,"column":9},"end":{"line":95,"column":3}}]}},"s":{"0":2,"1":2,"2":2,"3":2,"4":2,"5":2,"6":5,"7":5,"8":5,"9":5,"10":5,"11":5,"12":0,"13":5,"14":5,"15":5,"16":5,"17":0,"18":0,"19":0,"20":0,"21":0,"22":0,"23":0,"24":0,"25":0,"26":0,"27":0,"28":0,"29":0,"30":0,"31":0,"32":0,"33":0,"34":0,"35":0,"36":6,"37":1,"38":5,"39":5,"40":5,"41":5,"42":5,"43":0,"44":5,"45":5,"46":5,"47":5,"48":5},"f":{"0":5,"1":5,"2":0,"3":6,"4":5},"b":{"0":[5,0],"1":[5],"2":[5,5,5],"3":[5],"4":[0],"5":[0],"6":[0],"7":[0],"8":[1],"9":[5,0]}}
,"C:\\PROJETOS\\Plataforma de Pesagem Veicular\\solution-ticket-desktop\\backend\\src\\licenca\\licenca.service.ts": {"path":"C:\\PROJETOS\\Plataforma de Pesagem Veicular\\solution-ticket-desktop\\backend\\src\\licenca\\licenca.service.ts","statementMap":{"0":{"start":{"line":1,"column":0},"end":{"line":1,"column":87}},"1":{"start":{"line":2,"column":0},"end":{"line":2,"column":25}},"2":{"start":{"line":3,"column":0},"end":{"line":3,"column":29}},"3":{"start":{"line":4,"column":0},"end":{"line":4,"column":36}},"4":{"start":{"line":5,"column":0},"end":{"line":5,"column":57}},"5":{"start":{"line":6,"column":0},"end":{"line":6,"column":54}},"6":{"start":{"line":8,"column":13},"end":{"line":14,"column":11}},"7":{"start":{"line":17,"column":13},"end":{"line":24,"column":11}},"8":{"start":{"line":36,"column":27},"end":{"line":349,"column":null}},"9":{"start":{"line":40,"column":31},"end":{"line":40,"column":39}},"10":{"start":{"line":37,"column":19},"end":{"line":37,"column":60}},"11":{"start":{"line":43,"column":14},"end":{"line":43,"column":48}},"12":{"start":{"line":44,"column":4},"end":{"line":48,"column":5}},"13":{"start":{"line":45,"column":6},"end":{"line":45,"column":92}},"14":{"start":{"line":46,"column":6},"end":{"line":46,"column":26}},"15":{"start":{"line":47,"column":6},"end":{"line":47,"column":13}},"16":{"start":{"line":49,"column":4},"end":{"line":49,"column":48}},"17":{"start":{"line":50,"column":4},"end":{"line":50,"column":65}},"18":{"start":{"line":54,"column":4},"end":{"line":54,"column":30}},"19":{"start":{"line":58,"column":4},"end":{"line":61,"column":7}},"20":{"start":{"line":65,"column":4},"end":{"line":67,"column":7}},"21":{"start":{"line":76,"column":24},"end":{"line":76,"column":68}},"22":{"start":{"line":78,"column":22},"end":{"line":80,"column":6}},"23":{"start":{"line":81,"column":4},"end":{"line":83,"column":5}},"24":{"start":{"line":82,"column":6},"end":{"line":82,"column":23}},"25":{"start":{"line":85,"column":24},"end":{"line":85,"column":34}},"26":{"start":{"line":86,"column":4},"end":{"line":86,"column":52}},"27":{"start":{"line":88,"column":20},"end":{"line":100,"column":6}},"28":{"start":{"line":102,"column":4},"end":{"line":114,"column":7}},"29":{"start":{"line":116,"column":4},"end":{"line":116,"column":19}},"30":{"start":{"line":123,"column":4},"end":{"line":125,"column":5}},"31":{"start":{"line":124,"column":6},"end":{"line":124,"column":102}},"32":{"start":{"line":127,"column":24},"end":{"line":127,"column":45}},"33":{"start":{"line":130,"column":4},"end":{"line":140,"column":5}},"34":{"start":{"line":131,"column":6},"end":{"line":133,"column":27}},"35":{"start":{"line":135,"column":6},"end":{"line":135,"column":109}},"36":{"start":{"line":136,"column":21},"end":{"line":136,"column":78}},"37":{"start":{"line":137,"column":6},"end":{"line":139,"column":8}},"38":{"start":{"line":142,"column":4},"end":{"line":145,"column":5}},"39":{"start":{"line":143,"column":6},"end":{"line":143,"column":96}},"40":{"start":{"line":144,"column":6},"end":{"line":144,"column":67}},"41":{"start":{"line":147,"column":4},"end":{"line":152,"column":5}},"42":{"start":{"line":148,"column":6},"end":{"line":148,"column":100}},"43":{"start":{"line":149,"column":6},"end":{"line":151,"column":8}},"44":{"start":{"line":154,"column":4},"end":{"line":157,"column":5}},"45":{"start":{"line":155,"column":6},"end":{"line":155,"column":86}},"46":{"start":{"line":156,"column":6},"end":{"line":156,"column":55}},"47":{"start":{"line":159,"column":22},"end":{"line":161,"column":6}},"48":{"start":{"line":163,"column":22},"end":{"line":163,"column":50}},"49":{"start":{"line":164,"column":21},"end":{"line":164,"column":70}},"50":{"start":{"line":167,"column":27},"end":{"line":167,"column":59}},"51":{"start":{"line":169,"column":4},"end":{"line":193,"column":5}},"52":{"start":{"line":170,"column":6},"end":{"line":179,"column":9}},"53":{"start":{"line":181,"column":6},"end":{"line":192,"column":9}},"54":{"start":{"line":195,"column":4},"end":{"line":209,"column":7}},"55":{"start":{"line":211,"column":4},"end":{"line":211,"column":90}},"56":{"start":{"line":220,"column":4},"end":{"line":236,"column":5}},"57":{"start":{"line":221,"column":24},"end":{"line":223,"column":8}},"58":{"start":{"line":224,"column":6},"end":{"line":224,"column":29}},"59":{"start":{"line":224,"column":22},"end":{"line":224,"column":29}},"60":{"start":{"line":225,"column":6},"end":{"line":233,"column":9}},"61":{"start":{"line":235,"column":6},"end":{"line":235,"column":88}},"62":{"start":{"line":241,"column":14},"end":{"line":241,"column":31}},"63":{"start":{"line":242,"column":4},"end":{"line":242,"column":62}},"64":{"start":{"line":249,"column":24},"end":{"line":249,"column":45}},"65":{"start":{"line":250,"column":20},"end":{"line":252,"column":6}},"66":{"start":{"line":254,"column":4},"end":{"line":264,"column":5}},"67":{"start":{"line":255,"column":6},"end":{"line":263,"column":8}},"68":{"start":{"line":267,"column":4},"end":{"line":277,"column":5}},"69":{"start":{"line":272,"column":6},"end":{"line":275,"column":9}},"70":{"start":{"line":276,"column":6},"end":{"line":276,"column":53}},"71":{"start":{"line":280,"column":4},"end":{"line":303,"column":5}},"72":{"start":{"line":281,"column":31},"end":{"line":281,"column":90}},"73":{"start":{"line":283,"column":8},"end":{"line":283,"column":86}},"74":{"start":{"line":285,"column":6},"end":{"line":302,"column":7}},"75":{"start":{"line":286,"column":8},"end":{"line":289,"column":11}},"76":{"start":{"line":290,"column":8},"end":{"line":300,"column":11}},"77":{"start":{"line":301,"column":8},"end":{"line":301,"column":55}},"78":{"start":{"line":306,"column":6},"end":{"line":313,"column":16}},"79":{"start":{"line":315,"column":4},"end":{"line":323,"column":6}},"80":{"start":{"line":330,"column":24},"end":{"line":330,"column":45}},"81":{"start":{"line":331,"column":20},"end":{"line":333,"column":6}},"82":{"start":{"line":334,"column":4},"end":{"line":334,"column":62}},"83":{"start":{"line":334,"column":18},"end":{"line":334,"column":62}},"84":{"start":{"line":336,"column":4},"end":{"line":346,"column":5}},"85":{"start":{"line":341,"column":6},"end":{"line":344,"column":9}},"86":{"start":{"line":345,"column":6},"end":{"line":345,"column":26}},"87":{"start":{"line":347,"column":4},"end":{"line":347,"column":58}},"88":{"start":{"line":36,"column":13},"end":{"line":36,"column":27}},"89":{"start":{"line":36,"column":13},"end":{"line":349,"column":null}}},"fnMap":{"0":{"name":"(anonymous_11)","decl":{"start":{"line":40,"column":2},"end":{"line":40,"column":31}},"loc":{"start":{"line":40,"column":52},"end":{"line":40,"column":56}}},"1":{"name":"(anonymous_12)","decl":{"start":{"line":42,"column":2},"end":{"line":42,"column":14}},"loc":{"start":{"line":42,"column":14},"end":{"line":51,"column":3}}},"2":{"name":"(anonymous_13)","decl":{"start":{"line":53,"column":2},"end":{"line":53,"column":16}},"loc":{"start":{"line":53,"column":16},"end":{"line":55,"column":3}}},"3":{"name":"(anonymous_14)","decl":{"start":{"line":57,"column":2},"end":{"line":57,"column":7}},"loc":{"start":{"line":57,"column":39},"end":{"line":62,"column":3}}},"4":{"name":"(anonymous_15)","decl":{"start":{"line":64,"column":2},"end":{"line":64,"column":7}},"loc":{"start":{"line":64,"column":51},"end":{"line":68,"column":3}}},"5":{"name":"(anonymous_16)","decl":{"start":{"line":75,"column":2},"end":{"line":75,"column":7}},"loc":{"start":{"line":75,"column":86},"end":{"line":117,"column":3}}},"6":{"name":"(anonymous_17)","decl":{"start":{"line":122,"column":2},"end":{"line":122,"column":7}},"loc":{"start":{"line":122,"column":97},"end":{"line":212,"column":3}}},"7":{"name":"(anonymous_18)","decl":{"start":{"line":214,"column":10},"end":{"line":214,"column":15}},"loc":{"start":{"line":218,"column":20},"end":{"line":237,"column":3}}},"8":{"name":"(anonymous_19)","decl":{"start":{"line":239,"column":10},"end":{"line":239,"column":19}},"loc":{"start":{"line":239,"column":33},"end":{"line":243,"column":3}}},"9":{"name":"(anonymous_20)","decl":{"start":{"line":248,"column":2},"end":{"line":248,"column":7}},"loc":{"start":{"line":248,"column":41},"end":{"line":324,"column":3}}},"10":{"name":"(anonymous_21)","decl":{"start":{"line":329,"column":2},"end":{"line":329,"column":7}},"loc":{"start":{"line":329,"column":49},"end":{"line":348,"column":3}}}},"branchMap":{"0":{"loc":{"start":{"line":44,"column":4},"end":{"line":48,"column":5}},"type":"if","locations":[{"start":{"line":44,"column":4},"end":{"line":48,"column":5}}]},"1":{"loc":{"start":{"line":76,"column":24},"end":{"line":76,"column":68}},"type":"binary-expr","locations":[{"start":{"line":76,"column":24},"end":{"line":76,"column":43}},{"start":{"line":76,"column":47},"end":{"line":76,"column":68}}]},"2":{"loc":{"start":{"line":81,"column":4},"end":{"line":83,"column":5}},"type":"if","locations":[{"start":{"line":81,"column":4},"end":{"line":83,"column":5}}]},"3":{"loc":{"start":{"line":123,"column":4},"end":{"line":125,"column":5}},"type":"if","locations":[{"start":{"line":123,"column":4},"end":{"line":125,"column":5}}]},"4":{"loc":{"start":{"line":136,"column":21},"end":{"line":136,"column":78}},"type":"cond-expr","locations":[{"start":{"line":136,"column":55},"end":{"line":136,"column":65}},{"start":{"line":136,"column":68},"end":{"line":136,"column":78}}]},"5":{"loc":{"start":{"line":138,"column":8},"end":{"line":138,"column":82}},"type":"cond-expr","locations":[{"start":{"line":138,"column":32},"end":{"line":138,"column":49}},{"start":{"line":138,"column":52},"end":{"line":138,"column":82}}]},"6":{"loc":{"start":{"line":142,"column":4},"end":{"line":145,"column":5}},"type":"if","locations":[{"start":{"line":142,"column":4},"end":{"line":145,"column":5}}]},"7":{"loc":{"start":{"line":142,"column":8},"end":{"line":142,"column":73}},"type":"binary-expr","locations":[{"start":{"line":142,"column":8},"end":{"line":142,"column":16}},{"start":{"line":142,"column":20},"end":{"line":142,"column":56}},{"start":{"line":142,"column":60},"end":{"line":142,"column":73}}]},"8":{"loc":{"start":{"line":147,"column":4},"end":{"line":152,"column":5}},"type":"if","locations":[{"start":{"line":147,"column":4},"end":{"line":152,"column":5}}]},"9":{"loc":{"start":{"line":154,"column":4},"end":{"line":157,"column":5}},"type":"if","locations":[{"start":{"line":154,"column":4},"end":{"line":157,"column":5}}]},"10":{"loc":{"start":{"line":154,"column":8},"end":{"line":154,"column":54}},"type":"binary-expr","locations":[{"start":{"line":154,"column":8},"end":{"line":154,"column":19}},{"start":{"line":154,"column":23},"end":{"line":154,"column":54}}]},"11":{"loc":{"start":{"line":164,"column":21},"end":{"line":164,"column":70}},"type":"cond-expr","locations":[{"start":{"line":164,"column":35},"end":{"line":164,"column":63}},{"start":{"line":164,"column":66},"end":{"line":164,"column":70}}]},"12":{"loc":{"start":{"line":167,"column":27},"end":{"line":167,"column":59}},"type":"binary-expr","locations":[{"start":{"line":167,"column":27},"end":{"line":167,"column":51}},{"start":{"line":167,"column":55},"end":{"line":167,"column":59}}]},"13":{"loc":{"start":{"line":169,"column":4},"end":{"line":193,"column":5}},"type":"if","locations":[{"start":{"line":169,"column":4},"end":{"line":193,"column":5}},{"start":{"line":180,"column":11},"end":{"line":193,"column":5}}]},"14":{"loc":{"start":{"line":177,"column":20},"end":{"line":177,"column":41}},"type":"binary-expr","locations":[{"start":{"line":177,"column":20},"end":{"line":177,"column":28}},{"start":{"line":177,"column":32},"end":{"line":177,"column":41}}]},"15":{"loc":{"start":{"line":190,"column":20},"end":{"line":190,"column":41}},"type":"binary-expr","locations":[{"start":{"line":190,"column":20},"end":{"line":190,"column":28}},{"start":{"line":190,"column":32},"end":{"line":190,"column":41}}]},"16":{"loc":{"start":{"line":198,"column":20},"end":{"line":198,"column":103}},"type":"cond-expr","locations":[{"start":{"line":198,"column":37},"end":{"line":198,"column":69}},{"start":{"line":198,"column":72},"end":{"line":198,"column":103}}]},"17":{"loc":{"start":{"line":204,"column":15},"end":{"line":204,"column":34}},"type":"binary-expr","locations":[{"start":{"line":204,"column":15},"end":{"line":204,"column":26}},{"start":{"line":204,"column":30},"end":{"line":204,"column":34}}]},"18":{"loc":{"start":{"line":224,"column":6},"end":{"line":224,"column":29}},"type":"if","locations":[{"start":{"line":224,"column":6},"end":{"line":224,"column":29}}]},"19":{"loc":{"start":{"line":254,"column":4},"end":{"line":264,"column":5}},"type":"if","locations":[{"start":{"line":254,"column":4},"end":{"line":264,"column":5}}]},"20":{"loc":{"start":{"line":267,"column":4},"end":{"line":277,"column":5}},"type":"if","locations":[{"start":{"line":267,"column":4},"end":{"line":277,"column":5}}]},"21":{"loc":{"start":{"line":268,"column":6},"end":{"line":270,"column":35}},"type":"binary-expr","locations":[{"start":{"line":268,"column":6},"end":{"line":268,"column":51}},{"start":{"line":269,"column":6},"end":{"line":269,"column":22}},{"start":{"line":270,"column":6},"end":{"line":270,"column":35}}]},"22":{"loc":{"start":{"line":280,"column":4},"end":{"line":303,"column":5}},"type":"if","locations":[{"start":{"line":280,"column":4},"end":{"line":303,"column":5}}]},"23":{"loc":{"start":{"line":281,"column":31},"end":{"line":281,"column":90}},"type":"binary-expr","locations":[{"start":{"line":281,"column":31},"end":{"line":281,"column":52}},{"start":{"line":281,"column":56},"end":{"line":281,"column":90}}]},"24":{"loc":{"start":{"line":283,"column":8},"end":{"line":283,"column":86}},"type":"binary-expr","locations":[{"start":{"line":283,"column":8},"end":{"line":283,"column":47}},{"start":{"line":283,"column":51},"end":{"line":283,"column":86}}]},"25":{"loc":{"start":{"line":285,"column":6},"end":{"line":302,"column":7}},"type":"if","locations":[{"start":{"line":285,"column":6},"end":{"line":302,"column":7}}]},"26":{"loc":{"start":{"line":285,"column":10},"end":{"line":285,"column":50}},"type":"binary-expr","locations":[{"start":{"line":285,"column":10},"end":{"line":285,"column":26}},{"start":{"line":285,"column":30},"end":{"line":285,"column":50}}]},"27":{"loc":{"start":{"line":297,"column":22},"end":{"line":297,"column":61}},"type":"cond-expr","locations":[{"start":{"line":297,"column":41},"end":{"line":297,"column":48}},{"start":{"line":297,"column":51},"end":{"line":297,"column":61}}]},"28":{"loc":{"start":{"line":306,"column":6},"end":{"line":313,"column":16}},"type":"cond-expr","locations":[{"start":{"line":307,"column":10},"end":{"line":309,"column":null}},{"start":{"line":311,"column":10},"end":{"line":313,"column":16}}]},"29":{"loc":{"start":{"line":306,"column":6},"end":{"line":306,"column":76}},"type":"binary-expr","locations":[{"start":{"line":306,"column":6},"end":{"line":306,"column":51}},{"start":{"line":306,"column":55},"end":{"line":306,"column":76}}]},"30":{"loc":{"start":{"line":311,"column":10},"end":{"line":313,"column":16}},"type":"cond-expr","locations":[{"start":{"line":312,"column":12},"end":{"line":312,"column":101}},{"start":{"line":313,"column":12},"end":{"line":313,"column":16}}]},"31":{"loc":{"start":{"line":334,"column":4},"end":{"line":334,"column":62}},"type":"if","locations":[{"start":{"line":334,"column":4},"end":{"line":334,"column":62}}]},"32":{"loc":{"start":{"line":336,"column":4},"end":{"line":346,"column":5}},"type":"if","locations":[{"start":{"line":336,"column":4},"end":{"line":346,"column":5}}]},"33":{"loc":{"start":{"line":337,"column":6},"end":{"line":339,"column":40}},"type":"binary-expr","locations":[{"start":{"line":337,"column":6},"end":{"line":337,"column":51}},{"start":{"line":338,"column":6},"end":{"line":338,"column":45}},{"start":{"line":339,"column":6},"end":{"line":339,"column":40}}]}},"s":{"0":1,"1":1,"2":1,"3":1,"4":1,"5":1,"6":1,"7":1,"8":1,"9":10,"10":10,"11":0,"12":0,"13":0,"14":0,"15":0,"16":0,"17":0,"18":10,"19":0,"20":0,"21":2,"22":2,"23":2,"24":1,"25":1,"26":1,"27":1,"28":1,"29":1,"30":5,"31":0,"32":5,"33":5,"34":5,"35":2,"36":2,"37":2,"38":3,"39":0,"40":0,"41":3,"42":1,"43":1,"44":2,"45":0,"46":0,"47":2,"48":2,"49":2,"50":2,"51":2,"52":0,"53":2,"54":2,"55":2,"56":3,"57":3,"58":3,"59":3,"60":0,"61":0,"62":2,"63":2,"64":0,"65":0,"66":0,"67":0,"68":0,"69":0,"70":0,"71":0,"72":0,"73":0,"74":0,"75":0,"76":0,"77":0,"78":0,"79":0,"80":3,"81":3,"82":3,"83":1,"84":2,"85":1,"86":1,"87":1,"88":1,"89":1},"f":{"0":10,"1":0,"2":10,"3":0,"4":0,"5":2,"6":5,"7":3,"8":2,"9":0,"10":3},"b":{"0":[0],"1":[2,2],"2":[1],"3":[0],"4":[1,1],"5":[1,1],"6":[0],"7":[3,3,3],"8":[1],"9":[0],"10":[2,1],"11":[1,1],"12":[2,2],"13":[0,2],"14":[0,0],"15":[2,1],"16":[0,2],"17":[2,1],"18":[3],"19":[0],"20":[0],"21":[0,0,0],"22":[0],"23":[0,0],"24":[0,0],"25":[0],"26":[0,0],"27":[0,0],"28":[0,0],"29":[0,0],"30":[0,0],"31":[1],"32":[1],"33":[2,1,1]}}
,"C:\\PROJETOS\\Plataforma de Pesagem Veicular\\solution-ticket-desktop\\backend\\src\\ticket\\ticket.service.ts": {"path":"C:\\PROJETOS\\Plataforma de Pesagem Veicular\\solution-ticket-desktop\\backend\\src\\ticket\\ticket.service.ts","statementMap":{"0":{"start":{"line":1,"column":0},"end":{"line":1,"column":null}},"1":{"start":{"line":7,"column":0},"end":{"line":7,"column":57}},"2":{"start":{"line":11,"column":26},"end":{"line":19,"column":11}},"3":{"start":{"line":22,"column":24},"end":{"line":28,"column":11}},"4":{"start":{"line":30,"column":21},"end":{"line":34,"column":11}},"5":{"start":{"line":36,"column":21},"end":{"line":40,"column":11}},"6":{"start":{"line":42,"column":23},"end":{"line":46,"column":11}},"7":{"start":{"line":48,"column":22},"end":{"line":51,"column":11}},"8":{"start":{"line":61,"column":56},"end":{"line":77,"column":2}},"9":{"start":{"line":80,"column":7},"end":{"line":763,"column":null}},"10":{"start":{"line":81,"column":31},"end":{"line":81,"column":39}},"11":{"start":{"line":89,"column":20},"end":{"line":91,"column":6}},"12":{"start":{"line":93,"column":4},"end":{"line":106,"column":5}},"13":{"start":{"line":94,"column":32},"end":{"line":94,"column":69}},"14":{"start":{"line":95,"column":6},"end":{"line":99,"column":7}},"15":{"start":{"line":96,"column":8},"end":{"line":98,"column":10}},"16":{"start":{"line":101,"column":6},"end":{"line":105,"column":7}},"17":{"start":{"line":102,"column":8},"end":{"line":104,"column":10}},"18":{"start":{"line":108,"column":19},"end":{"line":108,"column":56}},"19":{"start":{"line":112,"column":19},"end":{"line":112,"column":41}},"20":{"start":{"line":113,"column":4},"end":{"line":121,"column":5}},"21":{"start":{"line":114,"column":22},"end":{"line":116,"column":8}},"22":{"start":{"line":117,"column":6},"end":{"line":120,"column":7}},"23":{"start":{"line":118,"column":8},"end":{"line":118,"column":54}},"24":{"start":{"line":119,"column":8},"end":{"line":119,"column":47}},"25":{"start":{"line":119,"column":23},"end":{"line":119,"column":47}},"26":{"start":{"line":124,"column":31},"end":{"line":128,"column":11}},"27":{"start":{"line":130,"column":19},"end":{"line":170,"column":6}},"28":{"start":{"line":172,"column":4},"end":{"line":172,"column":18}},"29":{"start":{"line":176,"column":23},"end":{"line":176,"column":25}},"30":{"start":{"line":178,"column":4},"end":{"line":178,"column":61}},"31":{"start":{"line":178,"column":26},"end":{"line":178,"column":61}},"32":{"start":{"line":179,"column":4},"end":{"line":179,"column":58}},"33":{"start":{"line":179,"column":25},"end":{"line":179,"column":58}},"34":{"start":{"line":180,"column":4},"end":{"line":180,"column":61}},"35":{"start":{"line":180,"column":26},"end":{"line":180,"column":61}},"36":{"start":{"line":181,"column":4},"end":{"line":181,"column":61}},"37":{"start":{"line":181,"column":26},"end":{"line":181,"column":61}},"38":{"start":{"line":182,"column":4},"end":{"line":182,"column":85}},"39":{"start":{"line":182,"column":34},"end":{"line":182,"column":85}},"40":{"start":{"line":183,"column":4},"end":{"line":183,"column":79}},"41":{"start":{"line":183,"column":32},"end":{"line":183,"column":79}},"42":{"start":{"line":184,"column":4},"end":{"line":184,"column":70}},"43":{"start":{"line":184,"column":29},"end":{"line":184,"column":70}},"44":{"start":{"line":185,"column":4},"end":{"line":185,"column":91}},"45":{"start":{"line":185,"column":22},"end":{"line":185,"column":91}},"46":{"start":{"line":186,"column":4},"end":{"line":186,"column":87}},"47":{"start":{"line":186,"column":23},"end":{"line":186,"column":87}},"48":{"start":{"line":187,"column":4},"end":{"line":191,"column":5}},"49":{"start":{"line":188,"column":6},"end":{"line":188,"column":26}},"50":{"start":{"line":189,"column":6},"end":{"line":189,"column":78}},"51":{"start":{"line":189,"column":29},"end":{"line":189,"column":78}},"52":{"start":{"line":190,"column":6},"end":{"line":190,"column":72}},"53":{"start":{"line":190,"column":26},"end":{"line":190,"column":72}},"54":{"start":{"line":193,"column":17},"end":{"line":193,"column":33}},"55":{"start":{"line":194,"column":18},"end":{"line":194,"column":36}},"56":{"start":{"line":195,"column":17},"end":{"line":195,"column":35}},"57":{"start":{"line":197,"column":26},"end":{"line":215,"column":6}},"58":{"start":{"line":217,"column":4},"end":{"line":217,"column":78}},"59":{"start":{"line":221,"column":19},"end":{"line":238,"column":6}},"60":{"start":{"line":240,"column":4},"end":{"line":240,"column":70}},"61":{"start":{"line":240,"column":17},"end":{"line":240,"column":70}},"62":{"start":{"line":241,"column":4},"end":{"line":241,"column":18}},"63":{"start":{"line":245,"column":19},"end":{"line":245,"column":41}},"64":{"start":{"line":248,"column":4},"end":{"line":253,"column":5}},"65":{"start":{"line":252,"column":6},"end":{"line":252,"column":99}},"66":{"start":{"line":255,"column":4},"end":{"line":262,"column":7}},"67":{"start":{"line":275,"column":19},"end":{"line":275,"column":47}},"68":{"start":{"line":276,"column":24},"end":{"line":276,"column":48}},"69":{"start":{"line":279,"column":23},"end":{"line":279,"column":63}},"70":{"start":{"line":280,"column":4},"end":{"line":284,"column":5}},"71":{"start":{"line":281,"column":6},"end":{"line":283,"column":8}},"72":{"start":{"line":286,"column":28},"end":{"line":286,"column":61}},"73":{"start":{"line":289,"column":4},"end":{"line":291,"column":5}},"74":{"start":{"line":290,"column":6},"end":{"line":290,"column":40}},"75":{"start":{"line":292,"column":4},"end":{"line":295,"column":5}},"76":{"start":{"line":293,"column":6},"end":{"line":293,"column":42}},"77":{"start":{"line":294,"column":6},"end":{"line":294,"column":74}},"78":{"start":{"line":297,"column":20},"end":{"line":304,"column":6}},"79":{"start":{"line":307,"column":4},"end":{"line":317,"column":7}},"80":{"start":{"line":319,"column":4},"end":{"line":319,"column":19}},"81":{"start":{"line":327,"column":19},"end":{"line":327,"column":47}},"82":{"start":{"line":330,"column":40},"end":{"line":334,"column":6}},"83":{"start":{"line":335,"column":4},"end":{"line":339,"column":5}},"84":{"start":{"line":336,"column":6},"end":{"line":338,"column":8}},"85":{"start":{"line":342,"column":4},"end":{"line":344,"column":5}},"86":{"start":{"line":343,"column":6},"end":{"line":343,"column":82}},"87":{"start":{"line":346,"column":29},"end":{"line":346,"column":56}},"88":{"start":{"line":348,"column":21},"end":{"line":367,"column":6}},"89":{"start":{"line":370,"column":27},"end":{"line":370,"column":54}},"90":{"start":{"line":371,"column":28},"end":{"line":374,"column":6}},"91":{"start":{"line":376,"column":4},"end":{"line":378,"column":5}},"92":{"start":{"line":377,"column":6},"end":{"line":377,"column":49}},"93":{"start":{"line":381,"column":4},"end":{"line":383,"column":5}},"94":{"start":{"line":382,"column":6},"end":{"line":382,"column":66}},"95":{"start":{"line":385,"column":4},"end":{"line":388,"column":7}},"96":{"start":{"line":390,"column":4},"end":{"line":390,"column":20}},"97":{"start":{"line":398,"column":19},"end":{"line":398,"column":47}},"98":{"start":{"line":401,"column":39},"end":{"line":404,"column":6}},"99":{"start":{"line":405,"column":4},"end":{"line":409,"column":5}},"100":{"start":{"line":406,"column":6},"end":{"line":408,"column":8}},"101":{"start":{"line":412,"column":22},"end":{"line":414,"column":6}},"102":{"start":{"line":416,"column":4},"end":{"line":418,"column":5}},"103":{"start":{"line":417,"column":6},"end":{"line":417,"column":91}},"104":{"start":{"line":421,"column":26},"end":{"line":422,"column":null}},"105":{"start":{"line":422,"column":13},"end":{"line":422,"column":58}},"106":{"start":{"line":424,"column":4},"end":{"line":426,"column":5}},"107":{"start":{"line":425,"column":6},"end":{"line":425,"column":80}},"108":{"start":{"line":429,"column":25},"end":{"line":430,"column":null}},"109":{"start":{"line":430,"column":13},"end":{"line":430,"column":57}},"110":{"start":{"line":435,"column":4},"end":{"line":444,"column":5}},"111":{"start":{"line":436,"column":6},"end":{"line":440,"column":7}},"112":{"start":{"line":437,"column":8},"end":{"line":439,"column":10}},"113":{"start":{"line":441,"column":6},"end":{"line":441,"column":62}},"114":{"start":{"line":443,"column":6},"end":{"line":443,"column":59}},"115":{"start":{"line":446,"column":29},"end":{"line":446,"column":64}},"116":{"start":{"line":449,"column":4},"end":{"line":453,"column":5}},"117":{"start":{"line":450,"column":6},"end":{"line":452,"column":8}},"118":{"start":{"line":456,"column":29},"end":{"line":456,"column":63}},"119":{"start":{"line":457,"column":35},"end":{"line":457,"column":51}},"120":{"start":{"line":460,"column":22},"end":{"line":460,"column":89}},"121":{"start":{"line":461,"column":27},"end":{"line":462,"column":null}},"122":{"start":{"line":462,"column":18},"end":{"line":462,"column":39}},"123":{"start":{"line":466,"column":29},"end":{"line":466,"column":68}},"124":{"start":{"line":468,"column":4},"end":{"line":470,"column":5}},"125":{"start":{"line":469,"column":6},"end":{"line":469,"column":80}},"126":{"start":{"line":473,"column":4},"end":{"line":485,"column":7}},"127":{"start":{"line":488,"column":4},"end":{"line":490,"column":5}},"128":{"start":{"line":489,"column":6},"end":{"line":489,"column":50}},"129":{"start":{"line":493,"column":4},"end":{"line":510,"column":7}},"130":{"start":{"line":500,"column":43},"end":{"line":502,"column":12}},"131":{"start":{"line":513,"column":4},"end":{"line":513,"column":57}},"132":{"start":{"line":515,"column":4},"end":{"line":515,"column":34}},"133":{"start":{"line":523,"column":19},"end":{"line":523,"column":47}},"134":{"start":{"line":526,"column":4},"end":{"line":528,"column":5}},"135":{"start":{"line":527,"column":6},"end":{"line":527,"column":64}},"136":{"start":{"line":531,"column":4},"end":{"line":535,"column":5}},"137":{"start":{"line":532,"column":6},"end":{"line":534,"column":8}},"138":{"start":{"line":538,"column":4},"end":{"line":542,"column":5}},"139":{"start":{"line":539,"column":6},"end":{"line":541,"column":8}},"140":{"start":{"line":545,"column":4},"end":{"line":548,"column":7}},"141":{"start":{"line":550,"column":20},"end":{"line":554,"column":null}},"142":{"start":{"line":557,"column":4},"end":{"line":557,"column":19}},"143":{"start":{"line":565,"column":19},"end":{"line":565,"column":47}},"144":{"start":{"line":567,"column":4},"end":{"line":571,"column":5}},"145":{"start":{"line":568,"column":6},"end":{"line":570,"column":8}},"146":{"start":{"line":574,"column":4},"end":{"line":582,"column":5}},"147":{"start":{"line":579,"column":6},"end":{"line":581,"column":8}},"148":{"start":{"line":584,"column":4},"end":{"line":589,"column":6}},"149":{"start":{"line":593,"column":19},"end":{"line":593,"column":47}},"150":{"start":{"line":595,"column":4},"end":{"line":597,"column":5}},"151":{"start":{"line":596,"column":6},"end":{"line":596,"column":69}},"152":{"start":{"line":599,"column":4},"end":{"line":604,"column":6}},"153":{"start":{"line":612,"column":19},"end":{"line":612,"column":47}},"154":{"start":{"line":613,"column":19},"end":{"line":613,"column":60}},"155":{"start":{"line":615,"column":39},"end":{"line":615,"column":43}},"156":{"start":{"line":616,"column":36},"end":{"line":616,"column":40}},"157":{"start":{"line":618,"column":4},"end":{"line":652,"column":5}},"158":{"start":{"line":620,"column":27},"end":{"line":629,"column":8}},"159":{"start":{"line":631,"column":6},"end":{"line":647,"column":7}},"160":{"start":{"line":632,"column":8},"end":{"line":632,"column":51}},"161":{"start":{"line":635,"column":29},"end":{"line":643,"column":10}},"162":{"start":{"line":644,"column":8},"end":{"line":646,"column":9}},"163":{"start":{"line":645,"column":10},"end":{"line":645,"column":53}},"164":{"start":{"line":649,"column":6},"end":{"line":651,"column":7}},"165":{"start":{"line":650,"column":8},"end":{"line":650,"column":69}},"166":{"start":{"line":654,"column":4},"end":{"line":666,"column":7}},"167":{"start":{"line":668,"column":4},"end":{"line":677,"column":5}},"168":{"start":{"line":669,"column":6},"end":{"line":676,"column":9}},"169":{"start":{"line":685,"column":17},"end":{"line":685,"column":27}},"170":{"start":{"line":686,"column":17},"end":{"line":686,"column":35}},"171":{"start":{"line":687,"column":18},"end":{"line":695,"column":6}},"172":{"start":{"line":696,"column":4},"end":{"line":696,"column":62}},"173":{"start":{"line":700,"column":20},"end":{"line":702,"column":6}},"174":{"start":{"line":703,"column":4},"end":{"line":703,"column":25}},"175":{"start":{"line":703,"column":18},"end":{"line":703,"column":25}},"176":{"start":{"line":704,"column":4},"end":{"line":704,"column":50}},"177":{"start":{"line":704,"column":43},"end":{"line":704,"column":50}},"178":{"start":{"line":705,"column":4},"end":{"line":705,"column":104}},"179":{"start":{"line":705,"column":97},"end":{"line":705,"column":104}},"180":{"start":{"line":706,"column":4},"end":{"line":706,"column":52}},"181":{"start":{"line":706,"column":45},"end":{"line":706,"column":52}},"182":{"start":{"line":707,"column":4},"end":{"line":710,"column":7}},"183":{"start":{"line":714,"column":19},"end":{"line":714,"column":47}},"184":{"start":{"line":717,"column":4},"end":{"line":719,"column":5}},"185":{"start":{"line":718,"column":6},"end":{"line":718,"column":85}},"186":{"start":{"line":722,"column":4},"end":{"line":731,"column":7}},"187":{"start":{"line":733,"column":4},"end":{"line":738,"column":6}},"188":{"start":{"line":742,"column":17},"end":{"line":742,"column":27}},"189":{"start":{"line":743,"column":4},"end":{"line":743,"column":30}},"190":{"start":{"line":752,"column":8},"end":{"line":759,"column":6}},"191":{"start":{"line":761,"column":4},"end":{"line":761,"column":87}},"192":{"start":{"line":80,"column":13},"end":{"line":80,"column":26}},"193":{"start":{"line":80,"column":13},"end":{"line":763,"column":null}}},"fnMap":{"0":{"name":"(anonymous_2)","decl":{"start":{"line":81,"column":2},"end":{"line":81,"column":31}},"loc":{"start":{"line":81,"column":52},"end":{"line":81,"column":56}}},"1":{"name":"(anonymous_3)","decl":{"start":{"line":87,"column":2},"end":{"line":87,"column":7}},"loc":{"start":{"line":87,"column":35},"end":{"line":173,"column":3}}},"2":{"name":"(anonymous_4)","decl":{"start":{"line":175,"column":2},"end":{"line":175,"column":7}},"loc":{"start":{"line":175,"column":39},"end":{"line":218,"column":3}}},"3":{"name":"(anonymous_5)","decl":{"start":{"line":220,"column":2},"end":{"line":220,"column":7}},"loc":{"start":{"line":220,"column":26},"end":{"line":242,"column":3}}},"4":{"name":"(anonymous_6)","decl":{"start":{"line":244,"column":2},"end":{"line":244,"column":7}},"loc":{"start":{"line":244,"column":47},"end":{"line":263,"column":3}}},"5":{"name":"(anonymous_7)","decl":{"start":{"line":269,"column":2},"end":{"line":269,"column":7}},"loc":{"start":{"line":273,"column":19},"end":{"line":320,"column":3}}},"6":{"name":"(anonymous_8)","decl":{"start":{"line":326,"column":2},"end":{"line":326,"column":7}},"loc":{"start":{"line":326,"column":69},"end":{"line":391,"column":3}}},"7":{"name":"(anonymous_9)","decl":{"start":{"line":397,"column":2},"end":{"line":397,"column":7}},"loc":{"start":{"line":397,"column":59},"end":{"line":516,"column":3}}},"8":{"name":"(anonymous_10)","decl":{"start":{"line":422,"column":6},"end":{"line":422,"column":7}},"loc":{"start":{"line":422,"column":13},"end":{"line":422,"column":58}}},"9":{"name":"(anonymous_11)","decl":{"start":{"line":430,"column":6},"end":{"line":430,"column":7}},"loc":{"start":{"line":430,"column":13},"end":{"line":430,"column":57}}},"10":{"name":"(anonymous_12)","decl":{"start":{"line":462,"column":6},"end":{"line":462,"column":7}},"loc":{"start":{"line":462,"column":18},"end":{"line":462,"column":39}}},"11":{"name":"(anonymous_13)","decl":{"start":{"line":500,"column":35},"end":{"line":500,"column":36}},"loc":{"start":{"line":500,"column":43},"end":{"line":502,"column":12}}},"12":{"name":"(anonymous_14)","decl":{"start":{"line":522,"column":2},"end":{"line":522,"column":7}},"loc":{"start":{"line":522,"column":63},"end":{"line":558,"column":3}}},"13":{"name":"(anonymous_15)","decl":{"start":{"line":564,"column":2},"end":{"line":564,"column":7}},"loc":{"start":{"line":564,"column":79},"end":{"line":590,"column":3}}},"14":{"name":"(anonymous_16)","decl":{"start":{"line":592,"column":2},"end":{"line":592,"column":7}},"loc":{"start":{"line":592,"column":62},"end":{"line":605,"column":3}}},"15":{"name":"(anonymous_17)","decl":{"start":{"line":611,"column":10},"end":{"line":611,"column":15}},"loc":{"start":{"line":611,"column":55},"end":{"line":678,"column":3}}},"16":{"name":"(anonymous_18)","decl":{"start":{"line":684,"column":10},"end":{"line":684,"column":15}},"loc":{"start":{"line":684,"column":45},"end":{"line":697,"column":3}}},"17":{"name":"(anonymous_19)","decl":{"start":{"line":699,"column":10},"end":{"line":699,"column":15}},"loc":{"start":{"line":699,"column":57},"end":{"line":711,"column":3}}},"18":{"name":"(anonymous_20)","decl":{"start":{"line":713,"column":2},"end":{"line":713,"column":7}},"loc":{"start":{"line":713,"column":55},"end":{"line":739,"column":3}}},"19":{"name":"(anonymous_21)","decl":{"start":{"line":741,"column":2},"end":{"line":741,"column":7}},"loc":{"start":{"line":741,"column":41},"end":{"line":762,"column":3}}}},"branchMap":{"0":{"loc":{"start":{"line":93,"column":4},"end":{"line":106,"column":5}},"type":"if","locations":[{"start":{"line":93,"column":4},"end":{"line":106,"column":5}}]},"1":{"loc":{"start":{"line":95,"column":6},"end":{"line":99,"column":7}},"type":"if","locations":[{"start":{"line":95,"column":6},"end":{"line":99,"column":7}}]},"2":{"loc":{"start":{"line":101,"column":6},"end":{"line":105,"column":7}},"type":"if","locations":[{"start":{"line":101,"column":6},"end":{"line":105,"column":7}}]},"3":{"loc":{"start":{"line":101,"column":10},"end":{"line":101,"column":125}},"type":"binary-expr","locations":[{"start":{"line":101,"column":10},"end":{"line":101,"column":43}},{"start":{"line":101,"column":47},"end":{"line":101,"column":86}},{"start":{"line":101,"column":90},"end":{"line":101,"column":125}}]},"4":{"loc":{"start":{"line":113,"column":4},"end":{"line":121,"column":5}},"type":"if","locations":[{"start":{"line":113,"column":4},"end":{"line":121,"column":5}}]},"5":{"loc":{"start":{"line":117,"column":6},"end":{"line":120,"column":7}},"type":"if","locations":[{"start":{"line":117,"column":6},"end":{"line":120,"column":7}}]},"6":{"loc":{"start":{"line":119,"column":8},"end":{"line":119,"column":47}},"type":"if","locations":[{"start":{"line":119,"column":8},"end":{"line":119,"column":47}}]},"7":{"loc":{"start":{"line":124,"column":31},"end":{"line":128,"column":11}},"type":"cond-expr","locations":[{"start":{"line":125,"column":8},"end":{"line":125,"column":9}},{"start":{"line":126,"column":8},"end":{"line":128,"column":11}}]},"8":{"loc":{"start":{"line":126,"column":8},"end":{"line":128,"column":11}},"type":"cond-expr","locations":[{"start":{"line":127,"column":10},"end":{"line":127,"column":11}},{"start":{"line":128,"column":10},"end":{"line":128,"column":11}}]},"9":{"loc":{"start":{"line":141,"column":26},"end":{"line":141,"column":54}},"type":"binary-expr","locations":[{"start":{"line":141,"column":26},"end":{"line":141,"column":46}},{"start":{"line":141,"column":50},"end":{"line":141,"column":54}}]},"10":{"loc":{"start":{"line":142,"column":21},"end":{"line":142,"column":44}},"type":"binary-expr","locations":[{"start":{"line":142,"column":21},"end":{"line":142,"column":36}},{"start":{"line":142,"column":40},"end":{"line":142,"column":44}}]},"11":{"loc":{"start":{"line":143,"column":19},"end":{"line":143,"column":40}},"type":"binary-expr","locations":[{"start":{"line":143,"column":19},"end":{"line":143,"column":32}},{"start":{"line":143,"column":36},"end":{"line":143,"column":40}}]},"12":{"loc":{"start":{"line":144,"column":22},"end":{"line":144,"column":46}},"type":"binary-expr","locations":[{"start":{"line":144,"column":22},"end":{"line":144,"column":38}},{"start":{"line":144,"column":42},"end":{"line":144,"column":46}}]},"13":{"loc":{"start":{"line":146,"column":18},"end":{"line":146,"column":38}},"type":"binary-expr","locations":[{"start":{"line":146,"column":18},"end":{"line":146,"column":30}},{"start":{"line":146,"column":34},"end":{"line":146,"column":38}}]},"14":{"loc":{"start":{"line":147,"column":19},"end":{"line":147,"column":40}},"type":"binary-expr","locations":[{"start":{"line":147,"column":19},"end":{"line":147,"column":32}},{"start":{"line":147,"column":36},"end":{"line":147,"column":40}}]},"15":{"loc":{"start":{"line":148,"column":19},"end":{"line":148,"column":40}},"type":"binary-expr","locations":[{"start":{"line":148,"column":19},"end":{"line":148,"column":32}},{"start":{"line":148,"column":36},"end":{"line":148,"column":40}}]},"16":{"loc":{"start":{"line":149,"column":28},"end":{"line":149,"column":58}},"type":"binary-expr","locations":[{"start":{"line":149,"column":28},"end":{"line":149,"column":50}},{"start":{"line":149,"column":54},"end":{"line":149,"column":58}}]},"17":{"loc":{"start":{"line":150,"column":20},"end":{"line":150,"column":42}},"type":"binary-expr","locations":[{"start":{"line":150,"column":20},"end":{"line":150,"column":34}},{"start":{"line":150,"column":38},"end":{"line":150,"column":42}}]},"18":{"loc":{"start":{"line":151,"column":16},"end":{"line":151,"column":34}},"type":"binary-expr","locations":[{"start":{"line":151,"column":16},"end":{"line":151,"column":26}},{"start":{"line":151,"column":30},"end":{"line":151,"column":34}}]},"19":{"loc":{"start":{"line":152,"column":32},"end":{"line":152,"column":52}},"type":"binary-expr","locations":[{"start":{"line":152,"column":32},"end":{"line":152,"column":44}},{"start":{"line":152,"column":48},"end":{"line":152,"column":52}}]},"20":{"loc":{"start":{"line":153,"column":28},"end":{"line":153,"column":44}},"type":"binary-expr","locations":[{"start":{"line":153,"column":28},"end":{"line":153,"column":36}},{"start":{"line":153,"column":40},"end":{"line":153,"column":44}}]},"21":{"loc":{"start":{"line":154,"column":23},"end":{"line":154,"column":70}},"type":"binary-expr","locations":[{"start":{"line":154,"column":23},"end":{"line":154,"column":40}},{"start":{"line":154,"column":44},"end":{"line":154,"column":70}}]},"22":{"loc":{"start":{"line":155,"column":20},"end":{"line":155,"column":42}},"type":"binary-expr","locations":[{"start":{"line":155,"column":20},"end":{"line":155,"column":34}},{"start":{"line":155,"column":38},"end":{"line":155,"column":42}}]},"23":{"loc":{"start":{"line":156,"column":16},"end":{"line":156,"column":34}},"type":"binary-expr","locations":[{"start":{"line":156,"column":16},"end":{"line":156,"column":26}},{"start":{"line":156,"column":30},"end":{"line":156,"column":34}}]},"24":{"loc":{"start":{"line":157,"column":16},"end":{"line":157,"column":34}},"type":"binary-expr","locations":[{"start":{"line":157,"column":16},"end":{"line":157,"column":26}},{"start":{"line":157,"column":30},"end":{"line":157,"column":34}}]},"25":{"loc":{"start":{"line":178,"column":4},"end":{"line":178,"column":61}},"type":"if","locations":[{"start":{"line":178,"column":4},"end":{"line":178,"column":61}}]},"26":{"loc":{"start":{"line":179,"column":4},"end":{"line":179,"column":58}},"type":"if","locations":[{"start":{"line":179,"column":4},"end":{"line":179,"column":58}}]},"27":{"loc":{"start":{"line":180,"column":4},"end":{"line":180,"column":61}},"type":"if","locations":[{"start":{"line":180,"column":4},"end":{"line":180,"column":61}}]},"28":{"loc":{"start":{"line":181,"column":4},"end":{"line":181,"column":61}},"type":"if","locations":[{"start":{"line":181,"column":4},"end":{"line":181,"column":61}}]},"29":{"loc":{"start":{"line":182,"column":4},"end":{"line":182,"column":85}},"type":"if","locations":[{"start":{"line":182,"column":4},"end":{"line":182,"column":85}}]},"30":{"loc":{"start":{"line":183,"column":4},"end":{"line":183,"column":79}},"type":"if","locations":[{"start":{"line":183,"column":4},"end":{"line":183,"column":79}}]},"31":{"loc":{"start":{"line":184,"column":4},"end":{"line":184,"column":70}},"type":"if","locations":[{"start":{"line":184,"column":4},"end":{"line":184,"column":70}}]},"32":{"loc":{"start":{"line":185,"column":4},"end":{"line":185,"column":91}},"type":"if","locations":[{"start":{"line":185,"column":4},"end":{"line":185,"column":91}}]},"33":{"loc":{"start":{"line":186,"column":4},"end":{"line":186,"column":87}},"type":"if","locations":[{"start":{"line":186,"column":4},"end":{"line":186,"column":87}}]},"34":{"loc":{"start":{"line":187,"column":4},"end":{"line":191,"column":5}},"type":"if","locations":[{"start":{"line":187,"column":4},"end":{"line":191,"column":5}}]},"35":{"loc":{"start":{"line":187,"column":8},"end":{"line":187,"column":43}},"type":"binary-expr","locations":[{"start":{"line":187,"column":8},"end":{"line":187,"column":25}},{"start":{"line":187,"column":29},"end":{"line":187,"column":43}}]},"36":{"loc":{"start":{"line":189,"column":6},"end":{"line":189,"column":78}},"type":"if","locations":[{"start":{"line":189,"column":6},"end":{"line":189,"column":78}}]},"37":{"loc":{"start":{"line":190,"column":6},"end":{"line":190,"column":72}},"type":"if","locations":[{"start":{"line":190,"column":6},"end":{"line":190,"column":72}}]},"38":{"loc":{"start":{"line":193,"column":17},"end":{"line":193,"column":33}},"type":"binary-expr","locations":[{"start":{"line":193,"column":17},"end":{"line":193,"column":28}},{"start":{"line":193,"column":32},"end":{"line":193,"column":33}}]},"39":{"loc":{"start":{"line":194,"column":18},"end":{"line":194,"column":36}},"type":"binary-expr","locations":[{"start":{"line":194,"column":18},"end":{"line":194,"column":30}},{"start":{"line":194,"column":34},"end":{"line":194,"column":36}}]},"40":{"loc":{"start":{"line":240,"column":4},"end":{"line":240,"column":70}},"type":"if","locations":[{"start":{"line":240,"column":4},"end":{"line":240,"column":70}}]},"41":{"loc":{"start":{"line":248,"column":4},"end":{"line":253,"column":5}},"type":"if","locations":[{"start":{"line":248,"column":4},"end":{"line":253,"column":5}}]},"42":{"loc":{"start":{"line":249,"column":6},"end":{"line":250,"column":62}},"type":"binary-expr","locations":[{"start":{"line":249,"column":6},"end":{"line":249,"column":60}},{"start":{"line":250,"column":6},"end":{"line":250,"column":62}}]},"43":{"loc":{"start":{"line":279,"column":23},"end":{"line":279,"column":63}},"type":"binary-expr","locations":[{"start":{"line":279,"column":23},"end":{"line":279,"column":57}},{"start":{"line":279,"column":61},"end":{"line":279,"column":63}}]},"44":{"loc":{"start":{"line":280,"column":4},"end":{"line":284,"column":5}},"type":"if","locations":[{"start":{"line":280,"column":4},"end":{"line":284,"column":5}}]},"45":{"loc":{"start":{"line":289,"column":4},"end":{"line":291,"column":5}},"type":"if","locations":[{"start":{"line":289,"column":4},"end":{"line":291,"column":5}}]},"46":{"loc":{"start":{"line":292,"column":4},"end":{"line":295,"column":5}},"type":"if","locations":[{"start":{"line":292,"column":4},"end":{"line":295,"column":5}}]},"47":{"loc":{"start":{"line":294,"column":38},"end":{"line":294,"column":73}},"type":"binary-expr","locations":[{"start":{"line":294,"column":38},"end":{"line":294,"column":44}},{"start":{"line":294,"column":48},"end":{"line":294,"column":73}}]},"48":{"loc":{"start":{"line":314,"column":19},"end":{"line":314,"column":36}},"type":"binary-expr","locations":[{"start":{"line":314,"column":19},"end":{"line":314,"column":28}},{"start":{"line":314,"column":32},"end":{"line":314,"column":36}}]},"49":{"loc":{"start":{"line":315,"column":16},"end":{"line":315,"column":30}},"type":"binary-expr","locations":[{"start":{"line":315,"column":16},"end":{"line":315,"column":22}},{"start":{"line":315,"column":26},"end":{"line":315,"column":30}}]},"50":{"loc":{"start":{"line":335,"column":4},"end":{"line":339,"column":5}},"type":"if","locations":[{"start":{"line":335,"column":4},"end":{"line":339,"column":5}}]},"51":{"loc":{"start":{"line":342,"column":4},"end":{"line":344,"column":5}},"type":"if","locations":[{"start":{"line":342,"column":4},"end":{"line":344,"column":5}}]},"52":{"loc":{"start":{"line":358,"column":18},"end":{"line":358,"column":44}},"type":"binary-expr","locations":[{"start":{"line":358,"column":18},"end":{"line":358,"column":30}},{"start":{"line":358,"column":34},"end":{"line":358,"column":44}}]},"53":{"loc":{"start":{"line":362,"column":31},"end":{"line":362,"column":64}},"type":"binary-expr","locations":[{"start":{"line":362,"column":31},"end":{"line":362,"column":56}},{"start":{"line":362,"column":60},"end":{"line":362,"column":64}}]},"54":{"loc":{"start":{"line":363,"column":31},"end":{"line":363,"column":64}},"type":"binary-expr","locations":[{"start":{"line":363,"column":31},"end":{"line":363,"column":56}},{"start":{"line":363,"column":60},"end":{"line":363,"column":64}}]},"55":{"loc":{"start":{"line":364,"column":23},"end":{"line":364,"column":48}},"type":"binary-expr","locations":[{"start":{"line":364,"column":23},"end":{"line":364,"column":40}},{"start":{"line":364,"column":44},"end":{"line":364,"column":48}}]},"56":{"loc":{"start":{"line":365,"column":20},"end":{"line":365,"column":42}},"type":"binary-expr","locations":[{"start":{"line":365,"column":20},"end":{"line":365,"column":34}},{"start":{"line":365,"column":38},"end":{"line":365,"column":42}}]},"57":{"loc":{"start":{"line":376,"column":4},"end":{"line":378,"column":5}},"type":"if","locations":[{"start":{"line":376,"column":4},"end":{"line":378,"column":5}}]},"58":{"loc":{"start":{"line":381,"column":4},"end":{"line":383,"column":5}},"type":"if","locations":[{"start":{"line":381,"column":4},"end":{"line":383,"column":5}}]},"59":{"loc":{"start":{"line":405,"column":4},"end":{"line":409,"column":5}},"type":"if","locations":[{"start":{"line":405,"column":4},"end":{"line":409,"column":5}}]},"60":{"loc":{"start":{"line":416,"column":4},"end":{"line":418,"column":5}},"type":"if","locations":[{"start":{"line":416,"column":4},"end":{"line":418,"column":5}}]},"61":{"loc":{"start":{"line":424,"column":4},"end":{"line":426,"column":5}},"type":"if","locations":[{"start":{"line":424,"column":4},"end":{"line":426,"column":5}}]},"62":{"loc":{"start":{"line":435,"column":4},"end":{"line":444,"column":5}},"type":"if","locations":[{"start":{"line":435,"column":4},"end":{"line":444,"column":5}},{"start":{"line":442,"column":11},"end":{"line":444,"column":5}}]},"63":{"loc":{"start":{"line":436,"column":6},"end":{"line":440,"column":7}},"type":"if","locations":[{"start":{"line":436,"column":6},"end":{"line":440,"column":7}}]},"64":{"loc":{"start":{"line":449,"column":4},"end":{"line":453,"column":5}},"type":"if","locations":[{"start":{"line":449,"column":4},"end":{"line":453,"column":5}}]},"65":{"loc":{"start":{"line":468,"column":4},"end":{"line":470,"column":5}},"type":"if","locations":[{"start":{"line":468,"column":4},"end":{"line":470,"column":5}}]},"66":{"loc":{"start":{"line":483,"column":20},"end":{"line":483,"column":55}},"type":"binary-expr","locations":[{"start":{"line":483,"column":20},"end":{"line":483,"column":34}},{"start":{"line":483,"column":38},"end":{"line":483,"column":55}}]},"67":{"loc":{"start":{"line":488,"column":4},"end":{"line":490,"column":5}},"type":"if","locations":[{"start":{"line":488,"column":4},"end":{"line":490,"column":5}}]},"68":{"loc":{"start":{"line":508,"column":19},"end":{"line":508,"column":40}},"type":"binary-expr","locations":[{"start":{"line":508,"column":19},"end":{"line":508,"column":32}},{"start":{"line":508,"column":36},"end":{"line":508,"column":40}}]},"69":{"loc":{"start":{"line":526,"column":4},"end":{"line":528,"column":5}},"type":"if","locations":[{"start":{"line":526,"column":4},"end":{"line":528,"column":5}}]},"70":{"loc":{"start":{"line":531,"column":4},"end":{"line":535,"column":5}},"type":"if","locations":[{"start":{"line":531,"column":4},"end":{"line":535,"column":5}}]},"71":{"loc":{"start":{"line":538,"column":4},"end":{"line":542,"column":5}},"type":"if","locations":[{"start":{"line":538,"column":4},"end":{"line":542,"column":5}}]},"72":{"loc":{"start":{"line":567,"column":4},"end":{"line":571,"column":5}},"type":"if","locations":[{"start":{"line":567,"column":4},"end":{"line":571,"column":5}}]},"73":{"loc":{"start":{"line":574,"column":4},"end":{"line":582,"column":5}},"type":"if","locations":[{"start":{"line":574,"column":4},"end":{"line":582,"column":5}}]},"74":{"loc":{"start":{"line":575,"column":6},"end":{"line":577,"column":56}},"type":"binary-expr","locations":[{"start":{"line":575,"column":6},"end":{"line":575,"column":57}},{"start":{"line":576,"column":6},"end":{"line":576,"column":69}},{"start":{"line":577,"column":6},"end":{"line":577,"column":56}}]},"75":{"loc":{"start":{"line":595,"column":4},"end":{"line":597,"column":5}},"type":"if","locations":[{"start":{"line":595,"column":4},"end":{"line":597,"column":5}}]},"76":{"loc":{"start":{"line":613,"column":20},"end":{"line":613,"column":55}},"type":"binary-expr","locations":[{"start":{"line":613,"column":20},"end":{"line":613,"column":50}},{"start":{"line":613,"column":54},"end":{"line":613,"column":55}}]},"77":{"loc":{"start":{"line":618,"column":4},"end":{"line":652,"column":5}},"type":"if","locations":[{"start":{"line":618,"column":4},"end":{"line":652,"column":5}}]},"78":{"loc":{"start":{"line":618,"column":8},"end":{"line":618,"column":86}},"type":"binary-expr","locations":[{"start":{"line":618,"column":8},"end":{"line":618,"column":31}},{"start":{"line":618,"column":35},"end":{"line":618,"column":86}}]},"79":{"loc":{"start":{"line":631,"column":6},"end":{"line":647,"column":7}},"type":"if","locations":[{"start":{"line":631,"column":6},"end":{"line":647,"column":7}},{"start":{"line":633,"column":13},"end":{"line":647,"column":7}}]},"80":{"loc":{"start":{"line":644,"column":8},"end":{"line":646,"column":9}},"type":"if","locations":[{"start":{"line":644,"column":8},"end":{"line":646,"column":9}}]},"81":{"loc":{"start":{"line":649,"column":6},"end":{"line":651,"column":7}},"type":"if","locations":[{"start":{"line":649,"column":6},"end":{"line":651,"column":7}}]},"82":{"loc":{"start":{"line":649,"column":10},"end":{"line":649,"column":50}},"type":"binary-expr","locations":[{"start":{"line":649,"column":10},"end":{"line":649,"column":23}},{"start":{"line":649,"column":27},"end":{"line":649,"column":50}}]},"83":{"loc":{"start":{"line":658,"column":21},"end":{"line":658,"column":52}},"type":"cond-expr","locations":[{"start":{"line":658,"column":37},"end":{"line":658,"column":45}},{"start":{"line":658,"column":48},"end":{"line":658,"column":52}}]},"84":{"loc":{"start":{"line":668,"column":4},"end":{"line":677,"column":5}},"type":"if","locations":[{"start":{"line":668,"column":4},"end":{"line":677,"column":5}}]},"85":{"loc":{"start":{"line":703,"column":4},"end":{"line":703,"column":25}},"type":"if","locations":[{"start":{"line":703,"column":4},"end":{"line":703,"column":25}}]},"86":{"loc":{"start":{"line":704,"column":4},"end":{"line":704,"column":50}},"type":"if","locations":[{"start":{"line":704,"column":4},"end":{"line":704,"column":50}}]},"87":{"loc":{"start":{"line":705,"column":4},"end":{"line":705,"column":104}},"type":"if","locations":[{"start":{"line":705,"column":4},"end":{"line":705,"column":104}}]},"88":{"loc":{"start":{"line":705,"column":8},"end":{"line":705,"column":95}},"type":"binary-expr","locations":[{"start":{"line":705,"column":8},"end":{"line":705,"column":47}},{"start":{"line":705,"column":51},"end":{"line":705,"column":95}}]},"89":{"loc":{"start":{"line":706,"column":4},"end":{"line":706,"column":52}},"type":"if","locations":[{"start":{"line":706,"column":4},"end":{"line":706,"column":52}}]},"90":{"loc":{"start":{"line":717,"column":4},"end":{"line":719,"column":5}},"type":"if","locations":[{"start":{"line":717,"column":4},"end":{"line":719,"column":5}}]},"91":{"loc":{"start":{"line":729,"column":19},"end":{"line":729,"column":36}},"type":"binary-expr","locations":[{"start":{"line":729,"column":19},"end":{"line":729,"column":28}},{"start":{"line":729,"column":32},"end":{"line":729,"column":36}}]}},"s":{"0":1,"1":1,"2":1,"3":1,"4":1,"5":1,"6":1,"7":1,"8":1,"9":1,"10":9,"11":2,"12":2,"13":2,"14":2,"15":1,"16":1,"17":1,"18":0,"19":0,"20":0,"21":0,"22":0,"23":0,"24":0,"25":0,"26":0,"27":0,"28":0,"29":0,"30":0,"31":0,"32":0,"33":0,"34":0,"35":0,"36":0,"37":0,"38":0,"39":0,"40":0,"41":0,"42":0,"43":0,"44":0,"45":0,"46":0,"47":0,"48":0,"49":0,"50":0,"51":0,"52":0,"53":0,"54":0,"55":0,"56":0,"57":0,"58":0,"59":10,"60":10,"61":0,"62":10,"63":0,"64":0,"65":0,"66":0,"67":0,"68":0,"69":0,"70":0,"71":0,"72":0,"73":0,"74":0,"75":0,"76":0,"77":0,"78":0,"79":0,"80":0,"81":0,"82":0,"83":0,"84":0,"85":0,"86":0,"87":0,"88":0,"89":0,"90":0,"91":0,"92":0,"93":0,"94":0,"95":0,"96":0,"97":7,"98":7,"99":7,"100":1,"101":6,"102":6,"103":1,"104":5,"105":5,"106":5,"107":0,"108":5,"109":8,"110":5,"111":2,"112":1,"113":1,"114":3,"115":4,"116":4,"117":1,"118":3,"119":3,"120":3,"121":3,"122":2,"123":3,"124":3,"125":0,"126":3,"127":3,"128":0,"129":3,"130":5,"131":3,"132":3,"133":0,"134":0,"135":0,"136":0,"137":0,"138":0,"139":0,"140":0,"141":0,"142":0,"143":0,"144":0,"145":0,"146":0,"147":0,"148":0,"149":0,"150":0,"151":0,"152":0,"153":0,"154":0,"155":0,"156":0,"157":0,"158":0,"159":0,"160":0,"161":0,"162":0,"163":0,"164":0,"165":0,"166":0,"167":0,"168":0,"169":0,"170":0,"171":0,"172":0,"173":3,"174":3,"175":3,"176":0,"177":0,"178":0,"179":0,"180":0,"181":0,"182":0,"183":0,"184":0,"185":0,"186":0,"187":0,"188":0,"189":0,"190":0,"191":0,"192":1,"193":1},"f":{"0":9,"1":2,"2":0,"3":10,"4":0,"5":0,"6":0,"7":7,"8":5,"9":8,"10":2,"11":5,"12":0,"13":0,"14":0,"15":0,"16":0,"17":3,"18":0,"19":0},"b":{"0":[2],"1":[1],"2":[1],"3":[1,1,1],"4":[0],"5":[0],"6":[0],"7":[0,0],"8":[0,0],"9":[0,0],"10":[0,0],"11":[0,0],"12":[0,0],"13":[0,0],"14":[0,0],"15":[0,0],"16":[0,0],"17":[0,0],"18":[0,0],"19":[0,0],"20":[0,0],"21":[0,0],"22":[0,0],"23":[0,0],"24":[0,0],"25":[0],"26":[0],"27":[0],"28":[0],"29":[0],"30":[0],"31":[0],"32":[0],"33":[0],"34":[0],"35":[0,0],"36":[0],"37":[0],"38":[0,0],"39":[0,0],"40":[0],"41":[0],"42":[0,0],"43":[0,0],"44":[0],"45":[0],"46":[0],"47":[0,0],"48":[0,0],"49":[0,0],"50":[0],"51":[0],"52":[0,0],"53":[0,0],"54":[0,0],"55":[0,0],"56":[0,0],"57":[0],"58":[0],"59":[1],"60":[1],"61":[0],"62":[2,3],"63":[1],"64":[1],"65":[0],"66":[3,3],"67":[0],"68":[3,3],"69":[0],"70":[0],"71":[0],"72":[0],"73":[0],"74":[0,0,0],"75":[0],"76":[0,0],"77":[0],"78":[0,0],"79":[0,0],"80":[0],"81":[0],"82":[0,0],"83":[0,0],"84":[0],"85":[3],"86":[0],"87":[0],"88":[0,0],"89":[0],"90":[0],"91":[0,0]}}
}
