TN:
SF:src\auth\auth.service.ts
FN:8,(anonymous_11)
FN:13,(anonymous_12)
FN:54,(anonymous_13)
FN:69,(anonymous_14)
FN:74,(anonymous_15)
FNF:5
FNH:3
FNDA:6,(anonymous_11)
FNDA:5,(anonymous_12)
FNDA:1,(anonymous_13)
FNDA:0,(anonymous_14)
FNDA:0,(anonymous_15)
DA:1,1
DA:2,1
DA:3,1
DA:4,1
DA:7,1
DA:9,6
DA:10,6
DA:14,5
DA:19,5
DA:20,1
DA:23,4
DA:24,1
DA:27,3
DA:28,1
DA:31,2
DA:32,2
DA:34,1
DA:38,1
DA:42,1
DA:50,1
DA:51,1
DA:55,1
DA:62,1
DA:69,0
DA:75,0
DA:92,0
LF:26
LH:23
BRDA:19,0,0,1
BRDA:23,1,0,1
BRDA:27,2,0,1
BRDA:27,3,0,3
BRDA:27,3,1,1
BRDA:32,4,0,1
BRDA:69,5,0,1
BRDA:69,5,1,0
BRF:8
BRH:7
end_of_record
TN:
SF:src\balanca\parsers\generic.parser.ts
FN:9,(anonymous_0)
FN:11,(anonymous_1)
FN:29,(anonymous_2)
FNF:3
FNH:3
FNDA:5,(anonymous_0)
FNDA:5,(anonymous_1)
FNDA:4,(anonymous_2)
DA:8,1
DA:9,5
DA:12,5
DA:13,5
DA:14,5
DA:15,1
DA:17,4
DA:18,4
DA:19,4
DA:20,4
DA:21,4
DA:23,0
DA:25,4
DA:26,4
DA:30,4
DA:31,4
DA:32,4
DA:33,4
DA:35,4
DA:36,0
DA:38,4
DA:39,4
DA:40,4
DA:41,4
DA:42,4
DA:43,4
DA:44,4
DA:47,4
LF:28
LH:26
BRDA:12,0,0,5
BRDA:12,0,1,0
BRDA:14,1,0,1
BRDA:20,2,0,4
BRDA:20,2,1,4
BRDA:21,3,0,0
BRDA:21,4,0,4
BRDA:21,4,1,0
BRDA:30,5,0,4
BRDA:30,5,1,0
BRDA:31,6,0,4
BRDA:31,6,1,0
BRDA:32,7,0,4
BRDA:32,7,1,3
BRDA:33,8,0,4
BRDA:33,8,1,3
BRDA:35,9,0,0
BRDA:40,10,0,0
BRDA:42,11,0,0
BRDA:43,12,0,1
BRDA:44,13,0,1
BRF:21
BRH:13
end_of_record
TN:
SF:src\balanca\parsers\sics.parser.ts
FN:12,(anonymous_0)
FN:14,(anonymous_1)
FNF:2
FNH:2
FNDA:5,(anonymous_0)
FNDA:5,(anonymous_1)
DA:11,1
DA:12,5
DA:15,5
DA:16,5
DA:17,4
DA:18,4
DA:19,4
DA:20,4
DA:21,4
DA:22,1
DA:24,3
DA:25,3
DA:26,3
DA:27,3
DA:28,3
DA:29,3
DA:30,3
LF:17
LH:17
BRDA:16,0,0,1
BRDA:21,1,0,1
BRDA:21,2,0,4
BRDA:21,2,1,4
BRDA:27,3,0,0
BRDA:29,4,0,1
BRF:6
BRH:5
end_of_record
TN:
SF:src\licenca\fingerprint.util.ts
FN:14,primeiroMacAtivo
FN:27,volumeSerialWindows
FN:56,machineIdUnix
FN:85,obterFingerprint
FN:103,_resetFingerprintCache
FNF:5
FNH:4
FNDA:5,primeiroMacAtivo
FNDA:5,volumeSerialWindows
FNDA:0,machineIdUnix
FNDA:6,obterFingerprint
FNDA:5,_resetFingerprintCache
DA:1,2
DA:2,2
DA:3,2
DA:12,2
DA:15,5
DA:16,5
DA:17,5
DA:18,5
DA:19,5
DA:20,5
DA:24,0
DA:28,5
DA:30,5
DA:36,5
DA:40,0
DA:41,0
DA:48,0
DA:49,0
DA:53,0
DA:57,0
DA:58,0
DA:59,0
DA:61,0
DA:62,0
DA:63,0
DA:64,0
DA:70,0
DA:72,0
DA:78,0
DA:82,0
DA:85,2
DA:86,6
DA:88,5
DA:89,5
DA:90,5
DA:91,5
DA:92,5
DA:94,0
DA:97,5
DA:98,5
DA:99,5
DA:100,5
DA:103,2
DA:104,5
LF:44
LH:26
BRDA:17,0,0,5
BRDA:17,0,1,0
BRDA:19,1,0,5
BRDA:19,2,0,5
BRDA:19,2,1,5
BRDA:19,2,2,5
BRDA:36,3,0,5
BRDA:49,4,0,0
BRDA:62,5,0,0
BRDA:64,6,0,0
BRDA:78,7,0,0
BRDA:86,8,0,1
BRDA:91,9,0,5
BRDA:91,9,1,0
BRF:14
BRH:8
end_of_record
TN:
SF:src\licenca\licenca.service.ts
FN:40,(anonymous_11)
FN:42,(anonymous_12)
FN:53,(anonymous_13)
FN:57,(anonymous_14)
FN:64,(anonymous_15)
FN:75,(anonymous_16)
FN:122,(anonymous_17)
FN:214,(anonymous_18)
FN:239,(anonymous_19)
FN:248,(anonymous_20)
FN:329,(anonymous_21)
FNF:11
FNH:7
FNDA:10,(anonymous_11)
FNDA:0,(anonymous_12)
FNDA:10,(anonymous_13)
FNDA:0,(anonymous_14)
FNDA:0,(anonymous_15)
FNDA:2,(anonymous_16)
FNDA:5,(anonymous_17)
FNDA:3,(anonymous_18)
FNDA:2,(anonymous_19)
FNDA:0,(anonymous_20)
FNDA:3,(anonymous_21)
DA:1,1
DA:2,1
DA:3,1
DA:4,1
DA:5,1
DA:6,1
DA:8,1
DA:17,1
DA:36,1
DA:37,10
DA:40,10
DA:43,0
DA:44,0
DA:45,0
DA:46,0
DA:47,0
DA:49,0
DA:50,0
DA:54,10
DA:58,0
DA:65,0
DA:76,2
DA:78,2
DA:81,2
DA:82,1
DA:85,1
DA:86,1
DA:88,1
DA:102,1
DA:116,1
DA:123,5
DA:124,0
DA:127,5
DA:130,5
DA:131,5
DA:135,2
DA:136,2
DA:137,2
DA:142,3
DA:143,0
DA:144,0
DA:147,3
DA:148,1
DA:149,1
DA:154,2
DA:155,0
DA:156,0
DA:159,2
DA:163,2
DA:164,2
DA:167,2
DA:169,2
DA:170,0
DA:181,2
DA:195,2
DA:211,2
DA:220,3
DA:221,3
DA:224,3
DA:225,0
DA:235,0
DA:241,2
DA:242,2
DA:249,0
DA:250,0
DA:254,0
DA:255,0
DA:267,0
DA:272,0
DA:276,0
DA:280,0
DA:281,0
DA:283,0
DA:285,0
DA:286,0
DA:290,0
DA:301,0
DA:306,0
DA:315,0
DA:330,3
DA:331,3
DA:334,3
DA:336,2
DA:341,1
DA:345,1
DA:347,1
LF:86
LH:53
BRDA:44,0,0,0
BRDA:76,1,0,2
BRDA:76,1,1,2
BRDA:81,2,0,1
BRDA:123,3,0,0
BRDA:136,4,0,1
BRDA:136,4,1,1
BRDA:138,5,0,1
BRDA:138,5,1,1
BRDA:142,6,0,0
BRDA:142,7,0,3
BRDA:142,7,1,3
BRDA:142,7,2,3
BRDA:147,8,0,1
BRDA:154,9,0,0
BRDA:154,10,0,2
BRDA:154,10,1,1
BRDA:164,11,0,1
BRDA:164,11,1,1
BRDA:167,12,0,2
BRDA:167,12,1,2
BRDA:169,13,0,0
BRDA:169,13,1,2
BRDA:177,14,0,0
BRDA:177,14,1,0
BRDA:190,15,0,2
BRDA:190,15,1,1
BRDA:198,16,0,0
BRDA:198,16,1,2
BRDA:204,17,0,2
BRDA:204,17,1,1
BRDA:224,18,0,3
BRDA:254,19,0,0
BRDA:267,20,0,0
BRDA:268,21,0,0
BRDA:268,21,1,0
BRDA:268,21,2,0
BRDA:280,22,0,0
BRDA:281,23,0,0
BRDA:281,23,1,0
BRDA:283,24,0,0
BRDA:283,24,1,0
BRDA:285,25,0,0
BRDA:285,26,0,0
BRDA:285,26,1,0
BRDA:297,27,0,0
BRDA:297,27,1,0
BRDA:306,28,0,0
BRDA:306,28,1,0
BRDA:306,29,0,0
BRDA:306,29,1,0
BRDA:311,30,0,0
BRDA:311,30,1,0
BRDA:334,31,0,1
BRDA:336,32,0,1
BRDA:337,33,0,2
BRDA:337,33,1,1
BRDA:337,33,2,1
BRF:58
BRH:29
end_of_record
TN:
SF:src\ticket\ticket.service.ts
FN:81,(anonymous_2)
FN:87,(anonymous_3)
FN:175,(anonymous_4)
FN:220,(anonymous_5)
FN:244,(anonymous_6)
FN:269,(anonymous_7)
FN:326,(anonymous_8)
FN:397,(anonymous_9)
FN:422,(anonymous_10)
FN:430,(anonymous_11)
FN:462,(anonymous_12)
FN:500,(anonymous_13)
FN:522,(anonymous_14)
FN:564,(anonymous_15)
FN:592,(anonymous_16)
FN:611,(anonymous_17)
FN:684,(anonymous_18)
FN:699,(anonymous_19)
FN:713,(anonymous_20)
FN:741,(anonymous_21)
FNF:20
FNH:9
FNDA:9,(anonymous_2)
FNDA:2,(anonymous_3)
FNDA:0,(anonymous_4)
FNDA:10,(anonymous_5)
FNDA:0,(anonymous_6)
FNDA:0,(anonymous_7)
FNDA:0,(anonymous_8)
FNDA:7,(anonymous_9)
FNDA:5,(anonymous_10)
FNDA:8,(anonymous_11)
FNDA:2,(anonymous_12)
FNDA:5,(anonymous_13)
FNDA:0,(anonymous_14)
FNDA:0,(anonymous_15)
FNDA:0,(anonymous_16)
FNDA:0,(anonymous_17)
FNDA:0,(anonymous_18)
FNDA:3,(anonymous_19)
FNDA:0,(anonymous_20)
FNDA:0,(anonymous_21)
DA:1,1
DA:7,1
DA:11,1
DA:22,1
DA:30,1
DA:36,1
DA:42,1
DA:48,1
DA:61,1
DA:80,1
DA:81,9
DA:89,2
DA:93,2
DA:94,2
DA:95,2
DA:96,1
DA:101,1
DA:102,1
DA:108,0
DA:112,0
DA:113,0
DA:114,0
DA:117,0
DA:118,0
DA:119,0
DA:124,0
DA:130,0
DA:172,0
DA:176,0
DA:178,0
DA:179,0
DA:180,0
DA:181,0
DA:182,0
DA:183,0
DA:184,0
DA:185,0
DA:186,0
DA:187,0
DA:188,0
DA:189,0
DA:190,0
DA:193,0
DA:194,0
DA:195,0
DA:197,0
DA:217,0
DA:221,10
DA:240,10
DA:241,10
DA:245,0
DA:248,0
DA:252,0
DA:255,0
DA:275,0
DA:276,0
DA:279,0
DA:280,0
DA:281,0
DA:286,0
DA:289,0
DA:290,0
DA:292,0
DA:293,0
DA:294,0
DA:297,0
DA:307,0
DA:319,0
DA:327,0
DA:330,0
DA:335,0
DA:336,0
DA:342,0
DA:343,0
DA:346,0
DA:348,0
DA:370,0
DA:371,0
DA:376,0
DA:377,0
DA:381,0
DA:382,0
DA:385,0
DA:390,0
DA:398,7
DA:401,7
DA:405,7
DA:406,1
DA:412,6
DA:416,6
DA:417,1
DA:421,5
DA:422,5
DA:424,5
DA:425,0
DA:429,5
DA:430,8
DA:435,5
DA:436,2
DA:437,1
DA:441,1
DA:443,3
DA:446,4
DA:449,4
DA:450,1
DA:456,3
DA:457,3
DA:460,3
DA:461,3
DA:462,2
DA:466,3
DA:468,3
DA:469,0
DA:473,3
DA:488,3
DA:489,0
DA:493,3
DA:500,5
DA:513,3
DA:515,3
DA:523,0
DA:526,0
DA:527,0
DA:531,0
DA:532,0
DA:538,0
DA:539,0
DA:545,0
DA:550,0
DA:557,0
DA:565,0
DA:567,0
DA:568,0
DA:574,0
DA:579,0
DA:584,0
DA:593,0
DA:595,0
DA:596,0
DA:599,0
DA:612,0
DA:613,0
DA:615,0
DA:616,0
DA:618,0
DA:620,0
DA:631,0
DA:632,0
DA:635,0
DA:644,0
DA:645,0
DA:649,0
DA:650,0
DA:654,0
DA:668,0
DA:669,0
DA:685,0
DA:686,0
DA:687,0
DA:696,0
DA:700,3
DA:703,3
DA:704,0
DA:705,0
DA:706,0
DA:707,0
DA:714,0
DA:717,0
DA:718,0
DA:722,0
DA:733,0
DA:742,0
DA:743,0
DA:752,0
DA:761,0
LF:175
LH:56
BRDA:93,0,0,2
BRDA:95,1,0,1
BRDA:101,2,0,1
BRDA:101,3,0,1
BRDA:101,3,1,1
BRDA:101,3,2,1
BRDA:113,4,0,0
BRDA:117,5,0,0
BRDA:119,6,0,0
BRDA:124,7,0,0
BRDA:124,7,1,0
BRDA:126,8,0,0
BRDA:126,8,1,0
BRDA:141,9,0,0
BRDA:141,9,1,0
BRDA:142,10,0,0
BRDA:142,10,1,0
BRDA:143,11,0,0
BRDA:143,11,1,0
BRDA:144,12,0,0
BRDA:144,12,1,0
BRDA:146,13,0,0
BRDA:146,13,1,0
BRDA:147,14,0,0
BRDA:147,14,1,0
BRDA:148,15,0,0
BRDA:148,15,1,0
BRDA:149,16,0,0
BRDA:149,16,1,0
BRDA:150,17,0,0
BRDA:150,17,1,0
BRDA:151,18,0,0
BRDA:151,18,1,0
BRDA:152,19,0,0
BRDA:152,19,1,0
BRDA:153,20,0,0
BRDA:153,20,1,0
BRDA:154,21,0,0
BRDA:154,21,1,0
BRDA:155,22,0,0
BRDA:155,22,1,0
BRDA:156,23,0,0
BRDA:156,23,1,0
BRDA:157,24,0,0
BRDA:157,24,1,0
BRDA:178,25,0,0
BRDA:179,26,0,0
BRDA:180,27,0,0
BRDA:181,28,0,0
BRDA:182,29,0,0
BRDA:183,30,0,0
BRDA:184,31,0,0
BRDA:185,32,0,0
BRDA:186,33,0,0
BRDA:187,34,0,0
BRDA:187,35,0,0
BRDA:187,35,1,0
BRDA:189,36,0,0
BRDA:190,37,0,0
BRDA:193,38,0,0
BRDA:193,38,1,0
BRDA:194,39,0,0
BRDA:194,39,1,0
BRDA:240,40,0,0
BRDA:248,41,0,0
BRDA:249,42,0,0
BRDA:249,42,1,0
BRDA:279,43,0,0
BRDA:279,43,1,0
BRDA:280,44,0,0
BRDA:289,45,0,0
BRDA:292,46,0,0
BRDA:294,47,0,0
BRDA:294,47,1,0
BRDA:314,48,0,0
BRDA:314,48,1,0
BRDA:315,49,0,0
BRDA:315,49,1,0
BRDA:335,50,0,0
BRDA:342,51,0,0
BRDA:358,52,0,0
BRDA:358,52,1,0
BRDA:362,53,0,0
BRDA:362,53,1,0
BRDA:363,54,0,0
BRDA:363,54,1,0
BRDA:364,55,0,0
BRDA:364,55,1,0
BRDA:365,56,0,0
BRDA:365,56,1,0
BRDA:376,57,0,0
BRDA:381,58,0,0
BRDA:405,59,0,1
BRDA:416,60,0,1
BRDA:424,61,0,0
BRDA:435,62,0,2
BRDA:435,62,1,3
BRDA:436,63,0,1
BRDA:449,64,0,1
BRDA:468,65,0,0
BRDA:483,66,0,3
BRDA:483,66,1,3
BRDA:488,67,0,0
BRDA:508,68,0,3
BRDA:508,68,1,3
BRDA:526,69,0,0
BRDA:531,70,0,0
BRDA:538,71,0,0
BRDA:567,72,0,0
BRDA:574,73,0,0
BRDA:575,74,0,0
BRDA:575,74,1,0
BRDA:575,74,2,0
BRDA:595,75,0,0
BRDA:613,76,0,0
BRDA:613,76,1,0
BRDA:618,77,0,0
BRDA:618,78,0,0
BRDA:618,78,1,0
BRDA:631,79,0,0
BRDA:631,79,1,0
BRDA:644,80,0,0
BRDA:649,81,0,0
BRDA:649,82,0,0
BRDA:649,82,1,0
BRDA:658,83,0,0
BRDA:658,83,1,0
BRDA:668,84,0,0
BRDA:703,85,0,3
BRDA:704,86,0,0
BRDA:705,87,0,0
BRDA:705,88,0,0
BRDA:705,88,1,0
BRDA:706,89,0,0
BRDA:717,90,0,0
BRDA:729,91,0,0
BRDA:729,91,1,0
BRF:137
BRH:17
end_of_record
